Log file open, 03/14/20 16:53:54
LogWindows: Failed to load 'aqProf.dll' (GetLastError=126)
LogWindows: File 'aqProf.dll' does not exist
LogWindows: Failed to load 'VtuneApi.dll' (GetLastError=126)
LogWindows: File 'VtuneApi.dll' does not exist
LogWindows: Failed to load 'VtuneApi32e.dll' (GetLastError=126)
LogWindows: File 'VtuneApi32e.dll' does not exist
LogConsoleResponse: Display: Failed to find resolution value strings in scalability ini. Falling back to default.
LogInit: Display: Running engine for game: Umbraterra
LogPlatformFile: Not using cached read wrapper
LogTaskGraph: Started task graph with 5 named threads and 47 total threads with 3 sets of task threads.
LogStats: Stats thread started at 0.052638
LogD3D11RHI: Loaded GFSDK_Aftermath_Lib.x64.dll
LogICUInternationalization: ICU TimeZone Detection - Raw Offset: +1:00, Platform Override: ''
LogPluginManager: Mounting plugin Paper2D
LogPluginManager: Mounting plugin AISupport
LogPluginManager: Mounting plugin LightPropagationVolume
LogPluginManager: Mounting plugin ActorLayerUtilities
LogPluginManager: Mounting plugin AnimationSharing
LogPluginManager: Mounting plugin CLionSourceCodeAccess
LogPluginManager: Mounting plugin CodeLiteSourceCodeAccess
LogPluginManager: Mounting plugin GitSourceControl
LogPluginManager: Mounting plugin KDevelopSourceCodeAccess
LogPluginManager: Mounting plugin NullSourceCodeAccess
LogPluginManager: Mounting plugin PerforceSourceControl
LogPluginManager: Mounting plugin PlasticSourceControl
LogPluginManager: Mounting plugin SubversionSourceControl
LogPluginManager: Mounting plugin UObjectPlugin
LogPluginManager: Mounting plugin VisualStudioCodeSourceCodeAccess
LogPluginManager: Mounting plugin VisualStudioSourceCodeAccess
LogPluginManager: Mounting plugin XCodeSourceCodeAccess
LogPluginManager: Mounting plugin AssetManagerEditor
LogPluginManager: Mounting plugin CryptoKeys
LogPluginManager: Mounting plugin CurveEditorTools
LogPluginManager: Mounting plugin DataValidation
LogPluginManager: Mounting plugin FacialAnimation
LogPluginManager: Mounting plugin GameplayTagsEditor
LogPluginManager: Mounting plugin MacGraphicsSwitching
LogPluginManager: Mounting plugin MaterialAnalyzer
LogPluginManager: Mounting plugin MobileLauncherProfileWizard
LogPluginManager: Mounting plugin PluginBrowser
LogPluginManager: Mounting plugin SpeedTreeImporter
LogPluginManager: Mounting plugin DatasmithContent
LogPluginManager: Mounting plugin VariantManagerContent
LogPluginManager: Mounting plugin AlembicImporter
LogPluginManager: Mounting plugin AutomationUtils
LogPluginManager: Mounting plugin BackChannel
LogPluginManager: Mounting plugin CharacterAI
LogPluginManager: Mounting plugin GeometryCache
LogPluginManager: Mounting plugin PlatformCrypto
LogPluginManager: Mounting plugin ProxyLODPlugin
LogPluginManager: Mounting plugin SkeletalReduction
LogPluginManager: Mounting plugin MagicLeap
LogPluginManager: Mounting plugin MagicLeapMedia
LogPluginManager: Mounting plugin MLSDK
LogPluginManager: Mounting plugin AndroidMedia
LogPluginManager: Mounting plugin AvfMedia
LogPluginManager: Mounting plugin ImgMedia
LogPluginManager: Mounting plugin MediaCompositing
LogPluginManager: Mounting plugin MediaPlayerEditor
LogPluginManager: Mounting plugin WebMMedia
LogPluginManager: Mounting plugin WmfMedia
LogPluginManager: Mounting plugin TcpMessaging
LogPluginManager: Mounting plugin UdpMessaging
LogPluginManager: Mounting plugin ActorSequence
LogPluginManager: Mounting plugin LevelSequenceEditor
LogPluginManager: Mounting plugin MatineeToLevelSequence
LogPluginManager: Mounting plugin NetcodeUnitTest
LogPluginManager: Mounting plugin NUTUnrealEngine4
LogPluginManager: Mounting plugin OnlineSubsystemGooglePlay
LogPluginManager: Mounting plugin OnlineSubsystemIOS
LogPluginManager: Mounting plugin OnlineSubsystem
LogPluginManager: Mounting plugin OnlineSubsystemNull
LogPluginManager: Mounting plugin OnlineSubsystemUtils
LogPluginManager: Mounting plugin LauncherChunkInstaller
LogPluginManager: Mounting plugin AndroidDeviceProfileSelector
LogPluginManager: Mounting plugin AndroidMoviePlayer
LogPluginManager: Mounting plugin AndroidPermission
LogPluginManager: Mounting plugin AppleImageUtils
LogPluginManager: Mounting plugin AppleMoviePlayer
LogPluginManager: Mounting plugin ArchVisCharacter
LogPluginManager: Mounting plugin AssetTags
LogPluginManager: Mounting plugin AudioCapture
LogPluginManager: Mounting plugin CableComponent
LogPluginManager: Mounting plugin CustomMeshComponent
LogPluginManager: Mounting plugin EditableMesh
LogPluginManager: Mounting plugin ExampleDeviceProfileSelector
LogPluginManager: Mounting plugin GoogleCloudMessaging
LogPluginManager: Mounting plugin IOSDeviceProfileSelector
LogPluginManager: Mounting plugin LinuxDeviceProfileSelector
LogPluginManager: Mounting plugin LocationServicesBPLibrary
LogPluginManager: Mounting plugin MobilePatchingUtils
LogPluginManager: Mounting plugin OculusVR
LogPluginManager: Mounting plugin PhysXVehicles
LogPluginManager: Mounting plugin PostSplashScreen
LogPluginManager: Mounting plugin ProceduralMeshComponent
LogPluginManager: Mounting plugin RuntimePhysXCooking
LogPluginManager: Mounting plugin SignificanceManager
LogPluginManager: Mounting plugin SteamVR
LogPluginManager: Mounting plugin WebMMoviePlayer
LogPluginManager: Mounting plugin WindowsMoviePlayer
LogPluginManager: Mounting plugin ScreenshotTools
LogInit: Using libcurl 7.55.1-DEV
LogInit:  - built for x86_64-pc-win32
LogInit:  - supports SSL with OpenSSL/1.1.1
LogInit:  - supports HTTP deflate (compression) using libz 1.2.8
LogInit:  - other features:
LogInit:      CURL_VERSION_SSL
LogInit:      CURL_VERSION_LIBZ
LogInit:      CURL_VERSION_IPV6
LogInit:      CURL_VERSION_ASYNCHDNS
LogInit:      CURL_VERSION_LARGEFILE
LogInit:      CURL_VERSION_IDN
LogInit:  CurlRequestOptions (configurable via config and command line):
LogInit:  - bVerifyPeer = true  - Libcurl will verify peer certificate
LogInit:  - bUseHttpProxy = false  - Libcurl will NOT use HTTP proxy
LogInit:  - bDontReuseConnections = false  - Libcurl will reuse connections
LogInit:  - MaxHostConnections = 16  - Libcurl will limit the number of connections to a host
LogInit:  - LocalHostAddr = Default
LogInit:  - BufferSize = 65536
LogOnline: OSS: Creating online subsystem instance for: NULL
LogInit: WinSock: version 1.1 (2.2), MaxSocks=32767, MaxUdp=65467
LogOnline: OSS: TryLoadSubsystemAndSetDefault: Loaded subsystem for module [NULL]
LogInit: Build: ++UE4+Release-4.24-CL-11100242
LogInit: Engine Version: 4.24.2-11100242+++UE4+Release-4.24
LogInit: Compatible Engine Version: 4.24.0-10570792+++UE4+Release-4.24
LogInit: Net CL: 10570792
LogInit: OS: Windows 10 (Release 1903) (), CPU: Intel(R) Core(TM) i9-9900K CPU @ 3.60GHz, GPU: NVIDIA GeForce RTX 2080 Ti
LogInit: Compiled (64-bit): Jan 24 2020 02:05:53
LogInit: Compiled with Visual C++: 19.16.27032.01
LogInit: Build Configuration: Development
LogInit: Branch Name: ++UE4+Release-4.24
LogInit: Command Line:  -EpicPortal -epicusername=johannescarter -epicuserid=d798a7d15e314017bbf97ccd92a1d3ec -epiclocale=de
LogInit: Base Directory: D:/EpicGames/UE_4.24/Engine/Binaries/Win64/
LogInit: Installed Engine Build: 1
LogDevObjectVersion: Number of dev versions registered: 25
LogDevObjectVersion:   Dev-Blueprints (B0D832E4-1F89-4F0D-ACCF-7EB736FD4AA2): 10
LogDevObjectVersion:   Dev-Build (E1C64328-A22C-4D53-A36C-8E866417BD8C): 0
LogDevObjectVersion:   Dev-Core (375EC13C-06E4-48FB-B500-84F0262A717E): 3
LogDevObjectVersion:   Dev-Editor (E4B068ED-F494-42E9-A231-DA0B2E46BB41): 37
LogDevObjectVersion:   Dev-Framework (CFFC743F-43B0-4480-9391-14DF171D2073): 36
LogDevObjectVersion:   Dev-Mobile (B02B49B5-BB20-44E9-A304-32B752E40360): 2
LogDevObjectVersion:   Dev-Networking (A4E4105C-59A1-49B5-A7C5-40C4547EDFEE): 0
LogDevObjectVersion:   Dev-Online (39C831C9-5AE6-47DC-9A44-9C173E1C8E7C): 0
LogDevObjectVersion:   Dev-Physics (78F01B33-EBEA-4F98-B9B4-84EACCB95AA2): 2
LogDevObjectVersion:   Dev-Platform (6631380F-2D4D-43E0-8009-CF276956A95A): 0
LogDevObjectVersion:   Dev-Rendering (12F88B9F-8875-4AFC-A67C-D90C383ABD29): 36
LogDevObjectVersion:   Dev-Sequencer (7B5AE74C-D270-4C10-A958-57980B212A5A): 11
LogDevObjectVersion:   Dev-VR (D7296918-1DD6-4BDD-9DE2-64A83CC13884): 2
LogDevObjectVersion:   Dev-LoadTimes (C2A15278-BFE7-4AFE-6C17-90FF531DF755): 1
LogDevObjectVersion:   Private-Geometry (6EACA3D4-40EC-4CC1-B786-8BED09428FC5): 3
LogDevObjectVersion:   Dev-AnimPhys (29E575DD-E0A3-4627-9D10-D276232CDCEA): 17
LogDevObjectVersion:   Dev-Anim (AF43A65D-7FD3-4947-9873-3E8ED9C1BB05): 2
LogDevObjectVersion:   Dev-ReflectionCapture (6B266CEC-1EC7-4B8F-A30B-E4D90942FC07): 1
LogDevObjectVersion:   Dev-Automation (0DF73D61-A23F-47EA-B727-89E90C41499A): 1
LogDevObjectVersion:   FortniteMain (601D1886-AC64-4F84-AA16-D3DE0DEAC7D6): 31
LogDevObjectVersion:   Dev-Enterprise (9DFFBCD6-494F-0158-E221-12823C92A888): 8
LogDevObjectVersion:   Dev-Niagara (F2AED0AC-9AFE-416F-8664-AA7FFA26D6FC): 1
LogDevObjectVersion:   Dev-Destruction (174F1F0B-B4C6-45A5-B13F-2EE8D0FB917D): 9
LogDevObjectVersion:   Dev-Physics-Ext (35F94A83-E258-406C-A318-09F59610247C): 8
LogDevObjectVersion:   Dev-CineCamera (B2E18506-4273-CFC2-A54E-F4BB758BBA07): 1
LogInit: Presizing for max 25165824 objects, including 0 objects not considered by GC, pre-allocating 0 bytes for permanent pool.
LogInit: Object subsystem initialized
LogConfig: Setting CVar [[con.DebugEarlyDefault:1]]
LogConfig: Setting CVar [[r.setres:1280x720]]
[2020.03.14-15.53.54:100][  0]LogConfig: Setting CVar [[r.VSync:0]]
[2020.03.14-15.53.54:100][  0]LogConfig: Setting CVar [[r.RHICmdBypass:0]]
[2020.03.14-15.53.54:100][  0]LogConfig: Applying CVar settings from Section [/Script/Engine.RendererSettings] File [E:/Main/Workspace/Private/GitHub/JohannesCarter/Umbraterra/Saved/Config/Windows/Engine.ini]
[2020.03.14-15.53.54:100][  0]LogConfig: Setting CVar [[r.GPUCrashDebugging:0]]
[2020.03.14-15.53.54:100][  0]LogConfig: Applying CVar settings from Section [/Script/Engine.RendererOverrideSettings] File [E:/Main/Workspace/Private/GitHub/JohannesCarter/Umbraterra/Saved/Config/Windows/Engine.ini]
[2020.03.14-15.53.54:100][  0]LogConfig: Applying CVar settings from Section [/Script/Engine.StreamingSettings] File [E:/Main/Workspace/Private/GitHub/JohannesCarter/Umbraterra/Saved/Config/Windows/Engine.ini]
[2020.03.14-15.53.54:100][  0]LogConfig: Setting CVar [[s.MinBulkDataSizeForAsyncLoading:131072]]
[2020.03.14-15.53.54:100][  0]LogConfig: Setting CVar [[s.AsyncLoadingThreadEnabled:0]]
[2020.03.14-15.53.54:100][  0]LogConfig: Setting CVar [[s.EventDrivenLoaderEnabled:1]]
[2020.03.14-15.53.54:100][  0]LogConfig: Setting CVar [[s.WarnIfTimeLimitExceeded:0]]
[2020.03.14-15.53.54:100][  0]LogConfig: Setting CVar [[s.TimeLimitExceededMultiplier:1.5]]
[2020.03.14-15.53.54:100][  0]LogConfig: Setting CVar [[s.TimeLimitExceededMinTime:0.005]]
[2020.03.14-15.53.54:101][  0]LogConfig: Setting CVar [[s.UseBackgroundLevelStreaming:1]]
[2020.03.14-15.53.54:101][  0]LogConfig: Setting CVar [[s.PriorityAsyncLoadingExtraTime:15.0]]
[2020.03.14-15.53.54:101][  0]LogConfig: Setting CVar [[s.LevelStreamingActorsUpdateTimeLimit:5.0]]
[2020.03.14-15.53.54:101][  0]LogConfig: Setting CVar [[s.PriorityLevelStreamingActorsUpdateExtraTime:5.0]]
[2020.03.14-15.53.54:101][  0]LogConfig: Setting CVar [[s.LevelStreamingComponentsRegistrationGranularity:10]]
[2020.03.14-15.53.54:101][  0]LogConfig: Setting CVar [[s.UnregisterComponentsTimeLimit:1.0]]
[2020.03.14-15.53.54:101][  0]LogConfig: Setting CVar [[s.LevelStreamingComponentsUnregistrationGranularity:5]]
[2020.03.14-15.53.54:101][  0]LogConfig: Setting CVar [[s.FlushStreamingOnExit:1]]
[2020.03.14-15.53.54:101][  0]LogConfig: Applying CVar settings from Section [/Script/Engine.GarbageCollectionSettings] File [E:/Main/Workspace/Private/GitHub/JohannesCarter/Umbraterra/Saved/Config/Windows/Engine.ini]
[2020.03.14-15.53.54:101][  0]LogConfig: Setting CVar [[gc.MaxObjectsNotConsideredByGC:1]]
[2020.03.14-15.53.54:101][  0]LogConfig: Setting CVar [[gc.SizeOfPermanentObjectPool:0]]
[2020.03.14-15.53.54:101][  0]LogConfig: Setting CVar [[gc.FlushStreamingOnGC:0]]
[2020.03.14-15.53.54:101][  0]LogConfig: Setting CVar [[gc.NumRetriesBeforeForcingGC:10]]
[2020.03.14-15.53.54:101][  0]LogConfig: Setting CVar [[gc.AllowParallelGC:1]]
[2020.03.14-15.53.54:101][  0]LogConfig: Setting CVar [[gc.TimeBetweenPurgingPendingKillObjects:61.1]]
[2020.03.14-15.53.54:101][  0]LogConfig: Setting CVar [[gc.MaxObjectsInEditor:25165824]]
[2020.03.14-15.53.54:101][  0]LogConfig: Setting CVar [[gc.IncrementalBeginDestroyEnabled:1]]
[2020.03.14-15.53.54:101][  0]LogConfig: Setting CVar [[gc.CreateGCClusters:1]]
[2020.03.14-15.53.54:101][  0]LogConfig: Setting CVar [[gc.MinGCClusterSize:5]]
[2020.03.14-15.53.54:101][  0]LogConfig: Setting CVar [[gc.ActorClusteringEnabled:0]]
[2020.03.14-15.53.54:101][  0]LogConfig: Setting CVar [[gc.BlueprintClusteringEnabled:0]]
[2020.03.14-15.53.54:101][  0]LogConfig: Setting CVar [[gc.UseDisregardForGCOnDedicatedServers:0]]
[2020.03.14-15.53.54:101][  0]LogConfig: Applying CVar settings from Section [/Script/Engine.NetworkSettings] File [E:/Main/Workspace/Private/GitHub/JohannesCarter/Umbraterra/Saved/Config/Windows/Engine.ini]
[2020.03.14-15.53.54:101][  0]LogConfig: Applying CVar settings from Section [/Script/UnrealEd.CookerSettings] File [E:/Main/Workspace/Private/GitHub/JohannesCarter/Umbraterra/Saved/Config/Windows/Engine.ini]
[2020.03.14-15.53.54:111][  0]LogConfig: Applying CVar settings from Section [ViewDistanceQuality@3] File [E:/Main/Workspace/Private/GitHub/JohannesCarter/Umbraterra/Saved/Config/Windows/Scalability.ini]
[2020.03.14-15.53.54:111][  0]LogConfig: Setting CVar [[r.SkeletalMeshLODBias:0]]
[2020.03.14-15.53.54:111][  0]LogConfig: Setting CVar [[r.ViewDistanceScale:1.0]]
[2020.03.14-15.53.54:111][  0]LogConfig: Applying CVar settings from Section [AntiAliasingQuality@3] File [E:/Main/Workspace/Private/GitHub/JohannesCarter/Umbraterra/Saved/Config/Windows/Scalability.ini]
[2020.03.14-15.53.54:111][  0]LogConfig: Setting CVar [[r.PostProcessAAQuality:4]]
[2020.03.14-15.53.54:111][  0]LogConfig: Applying CVar settings from Section [ShadowQuality@3] File [E:/Main/Workspace/Private/GitHub/JohannesCarter/Umbraterra/Saved/Config/Windows/Scalability.ini]
[2020.03.14-15.53.54:111][  0]LogConfig: Setting CVar [[r.LightFunctionQuality:1]]
[2020.03.14-15.53.54:111][  0]LogConfig: Setting CVar [[r.ShadowQuality:5]]
[2020.03.14-15.53.54:111][  0]LogConfig: Setting CVar [[r.Shadow.CSM.MaxCascades:10]]
[2020.03.14-15.53.54:111][  0]LogConfig: Setting CVar [[r.Shadow.MaxResolution:2048]]
[2020.03.14-15.53.54:111][  0]LogConfig: Setting CVar [[r.Shadow.MaxCSMResolution:2048]]
[2020.03.14-15.53.54:111][  0]LogConfig: Setting CVar [[r.Shadow.RadiusThreshold:0.01]]
[2020.03.14-15.53.54:111][  0]LogConfig: Setting CVar [[r.Shadow.DistanceScale:1.0]]
[2020.03.14-15.53.54:111][  0]LogConfig: Setting CVar [[r.Shadow.CSM.TransitionScale:1.0]]
[2020.03.14-15.53.54:111][  0]LogConfig: Setting CVar [[r.Shadow.PreShadowResolutionFactor:1.0]]
[2020.03.14-15.53.54:111][  0]LogConfig: Setting CVar [[r.DistanceFieldShadowing:1]]
[2020.03.14-15.53.54:111][  0]LogConfig: Setting CVar [[r.DistanceFieldAO:1]]
[2020.03.14-15.53.54:111][  0]LogConfig: Setting CVar [[r.AOQuality:2]]
[2020.03.14-15.53.54:111][  0]LogConfig: Setting CVar [[r.VolumetricFog:1]]
[2020.03.14-15.53.54:111][  0]LogConfig: Setting CVar [[r.VolumetricFog.GridPixelSize:8]]
[2020.03.14-15.53.54:111][  0]LogConfig: Setting CVar [[r.VolumetricFog.GridSizeZ:128]]
[2020.03.14-15.53.54:111][  0]LogConfig: Setting CVar [[r.VolumetricFog.HistoryMissSupersampleCount:4]]
[2020.03.14-15.53.54:111][  0]LogConfig: Setting CVar [[r.LightMaxDrawDistanceScale:1]]
[2020.03.14-15.53.54:111][  0]LogConfig: Setting CVar [[r.CapsuleShadows:1]]
[2020.03.14-15.53.54:111][  0]LogConfig: Applying CVar settings from Section [PostProcessQuality@3] File [E:/Main/Workspace/Private/GitHub/JohannesCarter/Umbraterra/Saved/Config/Windows/Scalability.ini]
[2020.03.14-15.53.54:111][  0]LogConfig: Setting CVar [[r.MotionBlurQuality:4]]
[2020.03.14-15.53.54:111][  0]LogConfig: Setting CVar [[r.AmbientOcclusionMipLevelFactor:0.4]]
[2020.03.14-15.53.54:111][  0]LogConfig: Setting CVar [[r.AmbientOcclusionMaxQuality:100]]
[2020.03.14-15.53.54:111][  0]LogConfig: Setting CVar [[r.AmbientOcclusionLevels:-1]]
[2020.03.14-15.53.54:111][  0]LogConfig: Setting CVar [[r.AmbientOcclusionRadiusScale:1.0]]
[2020.03.14-15.53.54:111][  0]LogConfig: Setting CVar [[r.DepthOfFieldQuality:2]]
[2020.03.14-15.53.54:111][  0]LogConfig: Setting CVar [[r.RenderTargetPoolMin:400]]
[2020.03.14-15.53.54:111][  0]LogConfig: Setting CVar [[r.LensFlareQuality:2]]
[2020.03.14-15.53.54:111][  0]LogConfig: Setting CVar [[r.SceneColorFringeQuality:1]]
[2020.03.14-15.53.54:111][  0]LogConfig: Setting CVar [[r.EyeAdaptationQuality:2]]
[2020.03.14-15.53.54:111][  0]LogConfig: Setting CVar [[r.BloomQuality:5]]
[2020.03.14-15.53.54:111][  0]LogConfig: Setting CVar [[r.FastBlurThreshold:100]]
[2020.03.14-15.53.54:111][  0]LogConfig: Setting CVar [[r.Upscale.Quality:3]]
[2020.03.14-15.53.54:111][  0]LogConfig: Setting CVar [[r.Tonemapper.GrainQuantization:1]]
[2020.03.14-15.53.54:111][  0]LogConfig: Setting CVar [[r.LightShaftQuality:1]]
[2020.03.14-15.53.54:111][  0]LogConfig: Setting CVar [[r.Filter.SizeScale:1]]
[2020.03.14-15.53.54:111][  0]LogConfig: Setting CVar [[r.Tonemapper.Quality:5]]
[2020.03.14-15.53.54:111][  0]LogConfig: Setting CVar [[r.DOF.Gather.AccumulatorQuality:1        ; higher gathering accumulator quality]]
[2020.03.14-15.53.54:112][  0]LogConfig: Setting CVar [[r.DOF.Gather.PostfilterMethod:1          ; Median3x3 postfilering method]]
[2020.03.14-15.53.54:112][  0]LogConfig: Setting CVar [[r.DOF.Gather.EnableBokehSettings:0       ; no bokeh simulation when gathering]]
[2020.03.14-15.53.54:112][  0]LogConfig: Setting CVar [[r.DOF.Gather.RingCount:4                 ; medium number of samples when gathering]]
[2020.03.14-15.53.54:112][  0]LogConfig: Setting CVar [[r.DOF.Scatter.ForegroundCompositing:1    ; additive foreground scattering]]
[2020.03.14-15.53.54:112][  0]LogConfig: Setting CVar [[r.DOF.Scatter.BackgroundCompositing:2    ; additive background scattering]]
[2020.03.14-15.53.54:112][  0]LogConfig: Setting CVar [[r.DOF.Scatter.EnableBokehSettings:1      ; bokeh simulation when scattering]]
[2020.03.14-15.53.54:112][  0]LogConfig: Setting CVar [[r.DOF.Scatter.MaxSpriteRatio:0.1         ; only a maximum of 10% of scattered bokeh]]
[2020.03.14-15.53.54:112][  0]LogConfig: Setting CVar [[r.DOF.Recombine.Quality:1                ; cheap slight out of focus]]
[2020.03.14-15.53.54:112][  0]LogConfig: Setting CVar [[r.DOF.Recombine.EnableBokehSettings:0    ; no bokeh simulation on slight out of focus]]
[2020.03.14-15.53.54:112][  0]LogConfig: Setting CVar [[r.DOF.TemporalAAQuality:1                ; more stable temporal accumulation]]
[2020.03.14-15.53.54:112][  0]LogConfig: Setting CVar [[r.DOF.Kernel.MaxForegroundRadius:0.025]]
[2020.03.14-15.53.54:112][  0]LogConfig: Setting CVar [[r.DOF.Kernel.MaxBackgroundRadius:0.025]]
[2020.03.14-15.53.54:112][  0]LogConfig: Applying CVar settings from Section [TextureQuality@3] File [E:/Main/Workspace/Private/GitHub/JohannesCarter/Umbraterra/Saved/Config/Windows/Scalability.ini]
[2020.03.14-15.53.54:112][  0]LogConfig: Setting CVar [[r.Streaming.MipBias:0]]
[2020.03.14-15.53.54:112][  0]LogConfig: Setting CVar [[r.Streaming.AmortizeCPUToGPUCopy:0]]
[2020.03.14-15.53.54:112][  0]LogConfig: Setting CVar [[r.Streaming.MaxNumTexturesToStreamPerFrame:0]]
[2020.03.14-15.53.54:112][  0]LogConfig: Setting CVar [[r.Streaming.Boost:1]]
[2020.03.14-15.53.54:112][  0]LogConfig: Setting CVar [[r.MaxAnisotropy:8]]
[2020.03.14-15.53.54:112][  0]LogConfig: Setting CVar [[r.VT.MaxAnisotropy:8]]
[2020.03.14-15.53.54:112][  0]LogConfig: Setting CVar [[r.Streaming.LimitPoolSizeToVRAM:0]]
[2020.03.14-15.53.54:112][  0]LogConfig: Setting CVar [[r.Streaming.PoolSize:1000]]
[2020.03.14-15.53.54:112][  0]LogConfig: Setting CVar [[r.Streaming.MaxEffectiveScreenSize:0]]
[2020.03.14-15.53.54:112][  0]LogConfig: Applying CVar settings from Section [EffectsQuality@3] File [E:/Main/Workspace/Private/GitHub/JohannesCarter/Umbraterra/Saved/Config/Windows/Scalability.ini]
[2020.03.14-15.53.54:112][  0]LogConfig: Setting CVar [[r.TranslucencyLightingVolumeDim:64]]
[2020.03.14-15.53.54:112][  0]LogConfig: Setting CVar [[r.RefractionQuality:2]]
[2020.03.14-15.53.54:112][  0]LogConfig: Setting CVar [[r.SSR.Quality:3]]
[2020.03.14-15.53.54:112][  0]LogConfig: Setting CVar [[r.SSR.HalfResSceneColor:0]]
[2020.03.14-15.53.54:112][  0]LogConfig: Setting CVar [[r.SceneColorFormat:4]]
[2020.03.14-15.53.54:112][  0]LogConfig: Setting CVar [[r.DetailMode:2]]
[2020.03.14-15.53.54:112][  0]LogConfig: Setting CVar [[r.TranslucencyVolumeBlur:1]]
[2020.03.14-15.53.54:112][  0]LogConfig: Setting CVar [[r.MaterialQualityLevel:1 ; High quality]]
[2020.03.14-15.53.54:112][  0]LogConfig: Setting CVar [[r.SSS.Scale:1]]
[2020.03.14-15.53.54:112][  0]LogConfig: Setting CVar [[r.SSS.SampleSet:2]]
[2020.03.14-15.53.54:112][  0]LogConfig: Setting CVar [[r.SSS.Quality:1]]
[2020.03.14-15.53.54:112][  0]LogConfig: Setting CVar [[r.SSS.HalfRes:1]]
[2020.03.14-15.53.54:112][  0]LogConfig: Setting CVar [[r.SSGI.Quality:3]]
[2020.03.14-15.53.54:112][  0]LogConfig: Setting CVar [[r.EmitterSpawnRateScale:1.0]]
[2020.03.14-15.53.54:112][  0]LogConfig: Setting CVar [[r.ParticleLightQuality:2]]
[2020.03.14-15.53.54:112][  0]LogConfig: Setting CVar [[r.SkyAtmosphere.AerialPerspectiveLUT.FastApplyOnOpaque:1 ; Always have FastSkyLUT 1 in this case to avoid wrong sky]]
[2020.03.14-15.53.54:112][  0]LogConfig: Setting CVar [[r.SkyAtmosphere.AerialPerspectiveLUT.SampleCountPerSlice:1]]
[2020.03.14-15.53.54:112][  0]LogConfig: Setting CVar [[r.SkyAtmosphere.AerialPerspectiveLUT.DepthResolution:16.0]]
[2020.03.14-15.53.54:112][  0]LogConfig: Setting CVar [[r.SkyAtmosphere.FastSkyLUT:1]]
[2020.03.14-15.53.54:112][  0]LogConfig: Setting CVar [[r.SkyAtmosphere.FastSkyLUT.SampleCountMin:4.0]]
[2020.03.14-15.53.54:112][  0]LogConfig: Setting CVar [[r.SkyAtmosphere.FastSkyLUT.SampleCountMax:32.0]]
[2020.03.14-15.53.54:112][  0]LogConfig: Setting CVar [[r.SkyAtmosphere.SampleCountMin:4.0]]
[2020.03.14-15.53.54:112][  0]LogConfig: Setting CVar [[r.SkyAtmosphere.SampleCountMax:32.0]]
[2020.03.14-15.53.54:112][  0]LogConfig: Setting CVar [[r.SkyAtmosphere.TransmittanceLUT.UseSmallFormat:0]]
[2020.03.14-15.53.54:112][  0]LogConfig: Setting CVar [[r.SkyAtmosphere.TransmittanceLUT.SampleCount:10.0]]
[2020.03.14-15.53.54:112][  0]LogConfig: Setting CVar [[r.SkyAtmosphere.MultiScatteringLUT.SampleCount:15.0]]
[2020.03.14-15.53.54:112][  0]LogConfig: Applying CVar settings from Section [FoliageQuality@3] File [E:/Main/Workspace/Private/GitHub/JohannesCarter/Umbraterra/Saved/Config/Windows/Scalability.ini]
[2020.03.14-15.53.54:112][  0]LogConfig: Setting CVar [[foliage.DensityScale:1.0]]
[2020.03.14-15.53.54:112][  0]LogConfig: Setting CVar [[grass.DensityScale:1.0]]
[2020.03.14-15.53.54:112][  0]LogConfig: Applying CVar settings from Section [ShadingQuality@3] File [E:/Main/Workspace/Private/GitHub/JohannesCarter/Umbraterra/Saved/Config/Windows/Scalability.ini]
[2020.03.14-15.53.54:112][  0]LogConfig: Setting CVar [[r.HairStrands.SkyLighting.SampleCount:16]]
[2020.03.14-15.53.54:112][  0]LogConfig: Setting CVar [[r.HairStrands.SkyLighting.JitterIntegration:0]]
[2020.03.14-15.53.54:112][  0]LogConfig: Setting CVar [[r.HairStrands.SkyAO.SampleCount:16]]
[2020.03.14-15.53.54:112][  0]LogInit: Selected Device Profile: [Windows]
[2020.03.14-15.53.54:112][  0]LogInit: Applying CVar settings loaded from the selected device profile: [Windows]
[2020.03.14-15.53.54:114][  0]LogHAL: Display: Platform has ~ 32 GB [34290765824 / 34359738368 / 32], which maps to Largest [LargestMinGB=32, LargerMinGB=12, DefaultMinGB=8, SmallerMinGB=6, SmallestMinGB=0)
[2020.03.14-15.53.54:114][  0]LogInit: Going up to parent DeviceProfile []
[2020.03.14-15.53.54:114][  0]LogConfig: Applying CVar settings from Section [ViewDistanceQuality@3] File [E:/Main/Workspace/Private/GitHub/JohannesCarter/Umbraterra/Saved/Config/Windows/Scalability.ini]
[2020.03.14-15.53.54:114][  0]LogConfig: Setting CVar [[r.SkeletalMeshLODBias:0]]
[2020.03.14-15.53.54:114][  0]LogConfig: Setting CVar [[r.ViewDistanceScale:1.0]]
[2020.03.14-15.53.54:114][  0]LogConfig: Applying CVar settings from Section [AntiAliasingQuality@3] File [E:/Main/Workspace/Private/GitHub/JohannesCarter/Umbraterra/Saved/Config/Windows/Scalability.ini]
[2020.03.14-15.53.54:114][  0]LogConfig: Setting CVar [[r.PostProcessAAQuality:4]]
[2020.03.14-15.53.54:114][  0]LogConfig: Applying CVar settings from Section [ShadowQuality@3] File [E:/Main/Workspace/Private/GitHub/JohannesCarter/Umbraterra/Saved/Config/Windows/Scalability.ini]
[2020.03.14-15.53.54:114][  0]LogConfig: Setting CVar [[r.LightFunctionQuality:1]]
[2020.03.14-15.53.54:114][  0]LogConfig: Setting CVar [[r.ShadowQuality:5]]
[2020.03.14-15.53.54:114][  0]LogConfig: Setting CVar [[r.Shadow.CSM.MaxCascades:10]]
[2020.03.14-15.53.54:114][  0]LogConfig: Setting CVar [[r.Shadow.MaxResolution:2048]]
[2020.03.14-15.53.54:114][  0]LogConfig: Setting CVar [[r.Shadow.MaxCSMResolution:2048]]
[2020.03.14-15.53.54:114][  0]LogConfig: Setting CVar [[r.Shadow.RadiusThreshold:0.01]]
[2020.03.14-15.53.54:114][  0]LogConfig: Setting CVar [[r.Shadow.DistanceScale:1.0]]
[2020.03.14-15.53.54:114][  0]LogConfig: Setting CVar [[r.Shadow.CSM.TransitionScale:1.0]]
[2020.03.14-15.53.54:114][  0]LogConfig: Setting CVar [[r.Shadow.PreShadowResolutionFactor:1.0]]
[2020.03.14-15.53.54:114][  0]LogConfig: Setting CVar [[r.DistanceFieldShadowing:1]]
[2020.03.14-15.53.54:114][  0]LogConfig: Setting CVar [[r.DistanceFieldAO:1]]
[2020.03.14-15.53.54:114][  0]LogConfig: Setting CVar [[r.AOQuality:2]]
[2020.03.14-15.53.54:114][  0]LogConfig: Setting CVar [[r.VolumetricFog:1]]
[2020.03.14-15.53.54:114][  0]LogConfig: Setting CVar [[r.VolumetricFog.GridPixelSize:8]]
[2020.03.14-15.53.54:114][  0]LogConfig: Setting CVar [[r.VolumetricFog.GridSizeZ:128]]
[2020.03.14-15.53.54:114][  0]LogConfig: Setting CVar [[r.VolumetricFog.HistoryMissSupersampleCount:4]]
[2020.03.14-15.53.54:114][  0]LogConfig: Setting CVar [[r.LightMaxDrawDistanceScale:1]]
[2020.03.14-15.53.54:114][  0]LogConfig: Setting CVar [[r.CapsuleShadows:1]]
[2020.03.14-15.53.54:114][  0]LogConfig: Applying CVar settings from Section [PostProcessQuality@3] File [E:/Main/Workspace/Private/GitHub/JohannesCarter/Umbraterra/Saved/Config/Windows/Scalability.ini]
[2020.03.14-15.53.54:114][  0]LogConfig: Setting CVar [[r.MotionBlurQuality:4]]
[2020.03.14-15.53.54:114][  0]LogConfig: Setting CVar [[r.AmbientOcclusionMipLevelFactor:0.4]]
[2020.03.14-15.53.54:114][  0]LogConfig: Setting CVar [[r.AmbientOcclusionMaxQuality:100]]
[2020.03.14-15.53.54:114][  0]LogConfig: Setting CVar [[r.AmbientOcclusionLevels:-1]]
[2020.03.14-15.53.54:114][  0]LogConfig: Setting CVar [[r.AmbientOcclusionRadiusScale:1.0]]
[2020.03.14-15.53.54:114][  0]LogConfig: Setting CVar [[r.DepthOfFieldQuality:2]]
[2020.03.14-15.53.54:114][  0]LogConfig: Setting CVar [[r.RenderTargetPoolMin:400]]
[2020.03.14-15.53.54:114][  0]LogConfig: Setting CVar [[r.LensFlareQuality:2]]
[2020.03.14-15.53.54:114][  0]LogConfig: Setting CVar [[r.SceneColorFringeQuality:1]]
[2020.03.14-15.53.54:114][  0]LogConfig: Setting CVar [[r.EyeAdaptationQuality:2]]
[2020.03.14-15.53.54:114][  0]LogConfig: Setting CVar [[r.BloomQuality:5]]
[2020.03.14-15.53.54:114][  0]LogConfig: Setting CVar [[r.FastBlurThreshold:100]]
[2020.03.14-15.53.54:114][  0]LogConfig: Setting CVar [[r.Upscale.Quality:3]]
[2020.03.14-15.53.54:114][  0]LogConfig: Setting CVar [[r.Tonemapper.GrainQuantization:1]]
[2020.03.14-15.53.54:114][  0]LogConfig: Setting CVar [[r.LightShaftQuality:1]]
[2020.03.14-15.53.54:114][  0]LogConfig: Setting CVar [[r.Filter.SizeScale:1]]
[2020.03.14-15.53.54:114][  0]LogConfig: Setting CVar [[r.Tonemapper.Quality:5]]
[2020.03.14-15.53.54:114][  0]LogConfig: Setting CVar [[r.DOF.Gather.AccumulatorQuality:1        ; higher gathering accumulator quality]]
[2020.03.14-15.53.54:114][  0]LogConfig: Setting CVar [[r.DOF.Gather.PostfilterMethod:1          ; Median3x3 postfilering method]]
[2020.03.14-15.53.54:114][  0]LogConfig: Setting CVar [[r.DOF.Gather.EnableBokehSettings:0       ; no bokeh simulation when gathering]]
[2020.03.14-15.53.54:114][  0]LogConfig: Setting CVar [[r.DOF.Gather.RingCount:4                 ; medium number of samples when gathering]]
[2020.03.14-15.53.54:114][  0]LogConfig: Setting CVar [[r.DOF.Scatter.ForegroundCompositing:1    ; additive foreground scattering]]
[2020.03.14-15.53.54:114][  0]LogConfig: Setting CVar [[r.DOF.Scatter.BackgroundCompositing:2    ; additive background scattering]]
[2020.03.14-15.53.54:114][  0]LogConfig: Setting CVar [[r.DOF.Scatter.EnableBokehSettings:1      ; bokeh simulation when scattering]]
[2020.03.14-15.53.54:114][  0]LogConfig: Setting CVar [[r.DOF.Scatter.MaxSpriteRatio:0.1         ; only a maximum of 10% of scattered bokeh]]
[2020.03.14-15.53.54:114][  0]LogConfig: Setting CVar [[r.DOF.Recombine.Quality:1                ; cheap slight out of focus]]
[2020.03.14-15.53.54:114][  0]LogConfig: Setting CVar [[r.DOF.Recombine.EnableBokehSettings:0    ; no bokeh simulation on slight out of focus]]
[2020.03.14-15.53.54:114][  0]LogConfig: Setting CVar [[r.DOF.TemporalAAQuality:1                ; more stable temporal accumulation]]
[2020.03.14-15.53.54:114][  0]LogConfig: Setting CVar [[r.DOF.Kernel.MaxForegroundRadius:0.025]]
[2020.03.14-15.53.54:114][  0]LogConfig: Setting CVar [[r.DOF.Kernel.MaxBackgroundRadius:0.025]]
[2020.03.14-15.53.54:114][  0]LogConfig: Applying CVar settings from Section [TextureQuality@3] File [E:/Main/Workspace/Private/GitHub/JohannesCarter/Umbraterra/Saved/Config/Windows/Scalability.ini]
[2020.03.14-15.53.54:114][  0]LogConfig: Setting CVar [[r.Streaming.MipBias:0]]
[2020.03.14-15.53.54:114][  0]LogConfig: Setting CVar [[r.Streaming.AmortizeCPUToGPUCopy:0]]
[2020.03.14-15.53.54:114][  0]LogConfig: Setting CVar [[r.Streaming.MaxNumTexturesToStreamPerFrame:0]]
[2020.03.14-15.53.54:114][  0]LogConfig: Setting CVar [[r.Streaming.Boost:1]]
[2020.03.14-15.53.54:114][  0]LogConfig: Setting CVar [[r.MaxAnisotropy:8]]
[2020.03.14-15.53.54:114][  0]LogConfig: Setting CVar [[r.VT.MaxAnisotropy:8]]
[2020.03.14-15.53.54:114][  0]LogConfig: Setting CVar [[r.Streaming.LimitPoolSizeToVRAM:0]]
[2020.03.14-15.53.54:114][  0]LogConfig: Setting CVar [[r.Streaming.PoolSize:1000]]
[2020.03.14-15.53.54:114][  0]LogConfig: Setting CVar [[r.Streaming.MaxEffectiveScreenSize:0]]
[2020.03.14-15.53.54:114][  0]LogConfig: Applying CVar settings from Section [EffectsQuality@3] File [E:/Main/Workspace/Private/GitHub/JohannesCarter/Umbraterra/Saved/Config/Windows/Scalability.ini]
[2020.03.14-15.53.54:114][  0]LogConfig: Setting CVar [[r.TranslucencyLightingVolumeDim:64]]
[2020.03.14-15.53.54:114][  0]LogConfig: Setting CVar [[r.RefractionQuality:2]]
[2020.03.14-15.53.54:114][  0]LogConfig: Setting CVar [[r.SSR.Quality:3]]
[2020.03.14-15.53.54:114][  0]LogConfig: Setting CVar [[r.SSR.HalfResSceneColor:0]]
[2020.03.14-15.53.54:114][  0]LogConfig: Setting CVar [[r.SceneColorFormat:4]]
[2020.03.14-15.53.54:114][  0]LogConfig: Setting CVar [[r.DetailMode:2]]
[2020.03.14-15.53.54:114][  0]LogConfig: Setting CVar [[r.TranslucencyVolumeBlur:1]]
[2020.03.14-15.53.54:114][  0]LogConfig: Setting CVar [[r.MaterialQualityLevel:1 ; High quality]]
[2020.03.14-15.53.54:114][  0]LogConfig: Setting CVar [[r.SSS.Scale:1]]
[2020.03.14-15.53.54:114][  0]LogConfig: Setting CVar [[r.SSS.SampleSet:2]]
[2020.03.14-15.53.54:114][  0]LogConfig: Setting CVar [[r.SSS.Quality:1]]
[2020.03.14-15.53.54:114][  0]LogConfig: Setting CVar [[r.SSS.HalfRes:1]]
[2020.03.14-15.53.54:114][  0]LogConfig: Setting CVar [[r.SSGI.Quality:3]]
[2020.03.14-15.53.54:114][  0]LogConfig: Setting CVar [[r.EmitterSpawnRateScale:1.0]]
[2020.03.14-15.53.54:114][  0]LogConfig: Setting CVar [[r.ParticleLightQuality:2]]
[2020.03.14-15.53.54:114][  0]LogConfig: Setting CVar [[r.SkyAtmosphere.AerialPerspectiveLUT.FastApplyOnOpaque:1 ; Always have FastSkyLUT 1 in this case to avoid wrong sky]]
[2020.03.14-15.53.54:114][  0]LogConfig: Setting CVar [[r.SkyAtmosphere.AerialPerspectiveLUT.SampleCountPerSlice:1]]
[2020.03.14-15.53.54:114][  0]LogConfig: Setting CVar [[r.SkyAtmosphere.AerialPerspectiveLUT.DepthResolution:16.0]]
[2020.03.14-15.53.54:114][  0]LogConfig: Setting CVar [[r.SkyAtmosphere.FastSkyLUT:1]]
[2020.03.14-15.53.54:114][  0]LogConfig: Setting CVar [[r.SkyAtmosphere.FastSkyLUT.SampleCountMin:4.0]]
[2020.03.14-15.53.54:115][  0]LogConfig: Setting CVar [[r.SkyAtmosphere.FastSkyLUT.SampleCountMax:32.0]]
[2020.03.14-15.53.54:115][  0]LogConfig: Setting CVar [[r.SkyAtmosphere.SampleCountMin:4.0]]
[2020.03.14-15.53.54:115][  0]LogConfig: Setting CVar [[r.SkyAtmosphere.SampleCountMax:32.0]]
[2020.03.14-15.53.54:115][  0]LogConfig: Setting CVar [[r.SkyAtmosphere.TransmittanceLUT.UseSmallFormat:0]]
[2020.03.14-15.53.54:115][  0]LogConfig: Setting CVar [[r.SkyAtmosphere.TransmittanceLUT.SampleCount:10.0]]
[2020.03.14-15.53.54:115][  0]LogConfig: Setting CVar [[r.SkyAtmosphere.MultiScatteringLUT.SampleCount:15.0]]
[2020.03.14-15.53.54:115][  0]LogConfig: Applying CVar settings from Section [FoliageQuality@3] File [E:/Main/Workspace/Private/GitHub/JohannesCarter/Umbraterra/Saved/Config/Windows/Scalability.ini]
[2020.03.14-15.53.54:115][  0]LogConfig: Setting CVar [[foliage.DensityScale:1.0]]
[2020.03.14-15.53.54:115][  0]LogConfig: Setting CVar [[grass.DensityScale:1.0]]
[2020.03.14-15.53.54:115][  0]LogConfig: Applying CVar settings from Section [ShadingQuality@3] File [E:/Main/Workspace/Private/GitHub/JohannesCarter/Umbraterra/Saved/Config/Windows/Scalability.ini]
[2020.03.14-15.53.54:115][  0]LogConfig: Setting CVar [[r.HairStrands.SkyLighting.SampleCount:16]]
[2020.03.14-15.53.54:115][  0]LogConfig: Setting CVar [[r.HairStrands.SkyLighting.JitterIntegration:0]]
[2020.03.14-15.53.54:115][  0]LogConfig: Setting CVar [[r.HairStrands.SkyAO.SampleCount:16]]
[2020.03.14-15.53.54:115][  0]LogConfig: Applying CVar settings from Section [Startup] File [../../../Engine/Config/ConsoleVariables.ini]
[2020.03.14-15.53.54:115][  0]LogConfig: Setting CVar [[net.UseAdaptiveNetUpdateFrequency:0]]
[2020.03.14-15.53.54:115][  0]LogConfig: Setting CVar [[p.chaos.AllowCreatePhysxBodies:1]]
[2020.03.14-15.53.54:115][  0]LogConfig: Applying CVar settings from Section [ConsoleVariables] File [E:/Main/Workspace/Private/GitHub/JohannesCarter/Umbraterra/Saved/Config/Windows/Engine.ini]
[2020.03.14-15.53.54:115][  0]LogInit: Computer: BIG-MAMA
[2020.03.14-15.53.54:115][  0]LogInit: User: nilsr
[2020.03.14-15.53.54:115][  0]LogInit: CPU Page size=4096, Cores=8
[2020.03.14-15.53.54:115][  0]LogInit: High frequency timer resolution =10.000000 MHz
[2020.03.14-15.53.54:115][  0]LogMemory: Memory total: Physical=31.9GB (32GB approx)
[2020.03.14-15.53.54:115][  0]LogMemory: Platform Memory Stats for Windows
[2020.03.14-15.53.54:115][  0]LogMemory: Process Physical Memory: 105.77 MB used, 105.77 MB peak
[2020.03.14-15.53.54:115][  0]LogMemory: Process Virtual Memory: 102.49 MB used, 102.49 MB peak
[2020.03.14-15.53.54:115][  0]LogMemory: Physical Memory: 9346.49 MB used,  23355.73 MB free, 32702.22 MB total
[2020.03.14-15.53.54:115][  0]LogMemory: Virtual Memory: 5179.27 MB used,  134212552.00 MB free, 134217728.00 MB total
[2020.03.14-15.53.54:117][  0]LogWindows: WindowsPlatformFeatures enabled
[2020.03.14-15.53.54:126][  0]LogInit: Using OS detected language (de-DE).
[2020.03.14-15.53.54:126][  0]LogInit: Using OS detected locale (de-DE).
[2020.03.14-15.53.54:126][  0]LogTextLocalizationManager: No specific localization for 'de-DE' exists, so the 'de' localization will be used.
[2020.03.14-15.53.54:127][  0]LogTextLocalizationResource: LocRes '../../../Engine/Content/Localization/Editor/de/Editor.locres' could not be opened for reading!
[2020.03.14-15.53.54:127][  0]LogTextLocalizationResource: LocRes '../../../Engine/Content/Localization/EditorTutorials/de/EditorTutorials.locres' could not be opened for reading!
[2020.03.14-15.53.54:127][  0]LogTextLocalizationResource: LocRes '../../../Engine/Content/Localization/Keywords/de/Keywords.locres' could not be opened for reading!
[2020.03.14-15.53.54:127][  0]LogTextLocalizationResource: LocRes '../../../Engine/Content/Localization/Category/de/Category.locres' could not be opened for reading!
[2020.03.14-15.53.54:127][  0]LogTextLocalizationResource: LocRes '../../../Engine/Content/Localization/ToolTips/de/ToolTips.locres' could not be opened for reading!
[2020.03.14-15.53.54:127][  0]LogTextLocalizationResource: LocRes '../../../Engine/Content/Localization/PropertyNames/de/PropertyNames.locres' could not be opened for reading!
[2020.03.14-15.53.54:127][  0]LogTextLocalizationResource: LocRes '../../../Engine/Content/Localization/Engine/de/Engine.locres' could not be opened for reading!
[2020.03.14-15.53.54:127][  0]LogInit: Setting process to per monitor DPI aware
[2020.03.14-15.53.54:156][  0]LogSlate: New Slate User Created.  User Index 0, Is Virtual User: 0
[2020.03.14-15.53.54:156][  0]LogSlate: Slate User Registered.  User Index 0, Is Virtual User: 0
[2020.03.14-15.53.54:259][  0]LogHMD: Failed to initialize OpenVR with code 126
[2020.03.14-15.53.54:259][  0]LogD3D11RHI: D3D11 min allowed feature level: 11_0
[2020.03.14-15.53.54:259][  0]LogD3D11RHI: D3D11 max allowed feature level: 11_0
[2020.03.14-15.53.54:259][  0]LogD3D11RHI: D3D11 adapters:
[2020.03.14-15.53.54:307][  0]LogD3D11RHI:    0. 'NVIDIA GeForce RTX 2080 Ti' (Feature Level 11_0)
[2020.03.14-15.53.54:307][  0]LogD3D11RHI:       11048/0/16351 MB DedicatedVideo/DedicatedSystem/SharedSystem, Outputs:3, VendorId:0x10de
[2020.03.14-15.53.54:309][  0]LogD3D11RHI:    1. 'Microsoft Basic Render Driver' (Feature Level 11_0)
[2020.03.14-15.53.54:309][  0]LogD3D11RHI:       0/0/16351 MB DedicatedVideo/DedicatedSystem/SharedSystem, Outputs:0, VendorId:0x1414
[2020.03.14-15.53.54:309][  0]LogD3D11RHI: Chosen D3D11 Adapter: 0
[2020.03.14-15.53.54:317][  0]LogD3D11RHI: Creating new Direct3DDevice
[2020.03.14-15.53.54:317][  0]LogD3D11RHI:     GPU DeviceId: 0x1e07 (for the marketing name, search the web for "GPU Device Id")
[2020.03.14-15.53.54:317][  0]LogWindows: EnumDisplayDevices:
[2020.03.14-15.53.54:317][  0]LogWindows:    0. 'NVIDIA GeForce RTX 2080 Ti' (P:1 D:1)
[2020.03.14-15.53.54:317][  0]LogWindows:    1. 'NVIDIA GeForce RTX 2080 Ti' (P:0 D:1)
[2020.03.14-15.53.54:317][  0]LogWindows:    2. 'NVIDIA GeForce RTX 2080 Ti' (P:0 D:1)
[2020.03.14-15.53.54:317][  0]LogWindows:    3. 'NVIDIA GeForce RTX 2080 Ti' (P:0 D:0)
[2020.03.14-15.53.54:317][  0]LogWindows: DebugString: FoundDriverCount:4 
[2020.03.14-15.53.54:317][  0]LogD3D11RHI:     Adapter Name: NVIDIA GeForce RTX 2080 Ti
[2020.03.14-15.53.54:317][  0]LogD3D11RHI:   Driver Version: 436.48 (internal:26.21.14.3648, unified:436.48)
[2020.03.14-15.53.54:317][  0]LogD3D11RHI:      Driver Date: 9-26-2019
[2020.03.14-15.53.54:317][  0]LogRHI: Texture pool is 7733 MB (70% of 11048 MB)
[2020.03.14-15.53.54:348][  0]LogD3D11RHI: RHI has support for 64 bit atomics
[2020.03.14-15.53.54:349][  0]LogD3D11RHI: Async texture creation enabled
[2020.03.14-15.53.54:489][  0]LogD3D11RHI: GPU Timing Frequency: 1000.000000 (Debug: 2 1)
[2020.03.14-15.53.54:672][  0]LogTargetPlatformManager: Display: Loaded TargetPlatform 'AllDesktop'
[2020.03.14-15.53.54:693][  0]LogTargetPlatformManager: Display: Loaded TargetPlatform 'Android'
[2020.03.14-15.53.54:693][  0]LogTargetPlatformManager: Display: Loaded TargetPlatform 'Android_ASTC'
[2020.03.14-15.53.54:693][  0]LogTargetPlatformManager: Display: Loaded TargetPlatform 'Android_ATC'
[2020.03.14-15.53.54:693][  0]LogTargetPlatformManager: Display: Loaded TargetPlatform 'Android_DXT'
[2020.03.14-15.53.54:693][  0]LogTargetPlatformManager: Display: Loaded TargetPlatform 'Android_ETC1'
[2020.03.14-15.53.54:693][  0]LogTargetPlatformManager: Display: Loaded TargetPlatform 'Android_ETC1a'
[2020.03.14-15.53.54:693][  0]LogTargetPlatformManager: Display: Loaded TargetPlatform 'Android_ETC2'
[2020.03.14-15.53.54:693][  0]LogTargetPlatformManager: Display: Loaded TargetPlatform 'Android_PVRTC'
[2020.03.14-15.53.54:693][  0]LogTargetPlatformManager: Display: Loaded TargetPlatform 'AndroidClient'
[2020.03.14-15.53.54:693][  0]LogTargetPlatformManager: Display: Loaded TargetPlatform 'Android_ASTCClient'
[2020.03.14-15.53.54:693][  0]LogTargetPlatformManager: Display: Loaded TargetPlatform 'Android_ATCClient'
[2020.03.14-15.53.54:693][  0]LogTargetPlatformManager: Display: Loaded TargetPlatform 'Android_DXTClient'
[2020.03.14-15.53.54:693][  0]LogTargetPlatformManager: Display: Loaded TargetPlatform 'Android_ETC1Client'
[2020.03.14-15.53.54:693][  0]LogTargetPlatformManager: Display: Loaded TargetPlatform 'Android_ETC1aClient'
[2020.03.14-15.53.54:693][  0]LogTargetPlatformManager: Display: Loaded TargetPlatform 'Android_ETC2Client'
[2020.03.14-15.53.54:693][  0]LogTargetPlatformManager: Display: Loaded TargetPlatform 'Android_PVRTCClient'
[2020.03.14-15.53.54:693][  0]LogTargetPlatformManager: Display: Loaded TargetPlatform 'Android_Multi'
[2020.03.14-15.53.54:693][  0]LogTargetPlatformManager: Display: Loaded TargetPlatform 'Android_MultiClient'
[2020.03.14-15.53.54:704][  0]LogTargetPlatformManager: Display: Loaded TargetPlatform 'IOSClient'
[2020.03.14-15.53.54:704][  0]LogTargetPlatformManager: Display: Loaded TargetPlatform 'IOS'
[2020.03.14-15.53.54:708][  0]LogTargetPlatformManager: Display: Loaded TargetPlatform 'LinuxNoEditor'
[2020.03.14-15.53.54:713][  0]LogTargetPlatformManager: Display: Loaded TargetPlatform 'LinuxClient'
[2020.03.14-15.53.54:717][  0]LogTargetPlatformManager: Display: Loaded TargetPlatform 'LinuxServer'
[2020.03.14-15.53.54:721][  0]LogTargetPlatformManager: Display: Loaded TargetPlatform 'LinuxAArch64NoEditor'
[2020.03.14-15.53.54:726][  0]LogTargetPlatformManager: Display: Loaded TargetPlatform 'LinuxAArch64Client'
[2020.03.14-15.53.54:730][  0]LogTargetPlatformManager: Display: Loaded TargetPlatform 'LinuxAArch64Server'
[2020.03.14-15.53.54:744][  0]LogTargetPlatformManager: Display: Loaded TargetPlatform 'Lumin'
[2020.03.14-15.53.54:744][  0]LogTargetPlatformManager: Display: Loaded TargetPlatform 'LuminClient'
[2020.03.14-15.53.54:752][  0]LogTargetPlatformManager: Display: Loaded TargetPlatform 'TVOSClient'
[2020.03.14-15.53.54:752][  0]LogTargetPlatformManager: Display: Loaded TargetPlatform 'TVOS'
[2020.03.14-15.53.54:757][  0]LogTargetPlatformManager: Display: Loaded TargetPlatform 'WindowsNoEditor'
[2020.03.14-15.53.54:761][  0]LogTargetPlatformManager: Display: Loaded TargetPlatform 'Windows'
[2020.03.14-15.53.54:766][  0]LogTargetPlatformManager: Display: Loaded TargetPlatform 'WindowsClient'
[2020.03.14-15.53.54:770][  0]LogTargetPlatformManager: Display: Loaded TargetPlatform 'WindowsServer'
[2020.03.14-15.53.54:770][  0]LogTargetPlatformManager: Display: Building Assets For Windows
[2020.03.14-15.53.54:771][  0]LogAudioDebug: Display: Lib vorbis DLL was dynamically loaded.
[2020.03.14-15.53.54:783][  0]LogShaderCompilers: Guid format shader working directory is -13 characters bigger than the processId version (E:/Main/Workspace/Private/GitHub/JohannesCarter/Umbraterra/Intermediate/Shaders/WorkingDirectory/24804/).
[2020.03.14-15.53.54:783][  0]LogShaderCompilers: Cleaned the shader compiler working directory 'C:/Users/nilsr/AppData/Local/Temp/UnrealShaderWorkingDir/545FE4864BB10F72032E86ADEF3EEC4B/'.
[2020.03.14-15.53.54:784][  0]LogXGEController: Cannot use XGE Controller as Incredibuild is not installed on this machine.
[2020.03.14-15.53.54:784][  0]LogShaderCompilers: Cannot use XGE Shader Compiler as Incredibuild is not installed on this machine.
[2020.03.14-15.53.54:784][  0]LogShaderCompilers: Display: Using Local Shader Compiler.
[2020.03.14-15.53.55:293][  0]LogDerivedDataCache: Display: Max Cache Size: 512 MB
[2020.03.14-15.53.55:341][  0]LogDerivedDataCache: Loaded boot cache 0.05s 78MB C:/Users/nilsr/AppData/Local/UnrealEngine/4.24/DerivedDataCache/Boot.ddc.
[2020.03.14-15.53.55:342][  0]LogDerivedDataCache: Display: Loaded Boot cache: C:/Users/nilsr/AppData/Local/UnrealEngine/4.24/DerivedDataCache/Boot.ddc
[2020.03.14-15.53.55:342][  0]LogDerivedDataCache: FDerivedDataBackendGraph:  Pak pak cache file E:/Main/Workspace/Private/GitHub/JohannesCarter/Umbraterra/DerivedDataCache/DDC.ddp not found, will not use a pak cache.
[2020.03.14-15.53.55:342][  0]LogDerivedDataCache: Unable to find inner node Pak for hierarchical cache Hierarchy.
[2020.03.14-15.53.55:342][  0]LogDerivedDataCache: FDerivedDataBackendGraph:  CompressedPak pak cache file E:/Main/Workspace/Private/GitHub/JohannesCarter/Umbraterra/DerivedDataCache/Compressed.ddp not found, will not use a pak cache.
[2020.03.14-15.53.55:342][  0]LogDerivedDataCache: Unable to find inner node CompressedPak for hierarchical cache Hierarchy.
[2020.03.14-15.53.55:349][  0]LogDerivedDataCache: Display: Pak cache opened for reading ../../../Engine/DerivedDataCache/Compressed.ddp.
[2020.03.14-15.53.55:349][  0]LogDerivedDataCache: FDerivedDataBackendGraph:  EnterprisePak pak cache file ../../../Enterprise/DerivedDataCache/Compressed.ddp not found, will not use a pak cache.
[2020.03.14-15.53.55:349][  0]LogDerivedDataCache: Unable to find inner node EnterprisePak for hierarchical cache Hierarchy.
[2020.03.14-15.53.55:350][  0]LogDerivedDataCache: Using Local data cache path C:/Users/nilsr/AppData/Local/UnrealEngine/Common/DerivedDataCache: Writable
[2020.03.14-15.53.55:350][  0]LogDerivedDataCache: Shared data cache path not found in *engine.ini, will not use an Shared cache.
[2020.03.14-15.53.55:350][  0]LogDerivedDataCache: Unable to find inner node Shared for hierarchical cache Hierarchy.
[2020.03.14-15.53.55:367][  0]LogMaterial: Verifying Global Shaders for PCD3D_SM5
[2020.03.14-15.53.55:369][  0]LogSlate: Using FreeType 2.10.0
[2020.03.14-15.53.55:369][  0]LogSlate: SlateFontServices - WITH_FREETYPE: 1, WITH_HARFBUZZ: 1
[2020.03.14-15.53.55:402][  0]LogAssetRegistry: FAssetRegistry took 0.0017 seconds to start up
[2020.03.14-15.53.55:590][  0]LogInit: Selected Device Profile: [Windows]
[2020.03.14-15.53.55:692][  0]LogMeshReduction: Using QuadricMeshReduction for automatic static mesh reduction
[2020.03.14-15.53.55:692][  0]LogMeshReduction: Using SimplygonMeshReduction for automatic skeletal mesh reduction
[2020.03.14-15.53.55:692][  0]LogMeshReduction: Using ProxyLODMeshReduction for automatic mesh merging
[2020.03.14-15.53.55:692][  0]LogMeshReduction: No distributed automatic mesh merging module available
[2020.03.14-15.53.55:692][  0]LogMeshMerging: No distributed automatic mesh merging module available
[2020.03.14-15.53.55:708][  0]LogNetVersion: Umbraterra 1.0.0, NetCL: 10570792, EngineNetVer: 13, GameNetVer: 0 (Checksum: 2572261990)
[2020.03.14-15.53.56:370][  0]LogPackageLocalizationCache: Processed 10 localized package path(s) for 1 prioritized culture(s) in 0.031131 seconds
[2020.03.14-15.53.56:375][  0]LogUObjectArray: 46750 objects as part of root set at end of initial load.
[2020.03.14-15.53.56:375][  0]LogUObjectAllocator: 8137160 out of 0 bytes used by permanent object pool.
[2020.03.14-15.53.56:375][  0]LogUObjectArray: CloseDisregardForGC: 0/0 objects in disregard for GC pool
[2020.03.14-15.53.56:626][  0]LogTcpMessaging: Initializing TcpMessaging bridge
[2020.03.14-15.53.56:628][  0]LogUdpMessaging: Initializing bridge on interface 0.0.0.0:0 to multicast group 230.0.0.1:6666.
[2020.03.14-15.53.56:656][  0]SourceControl: Source control is disabled
[2020.03.14-15.53.56:656][  0]SourceControl: Source control is disabled
[2020.03.14-15.53.56:657][  0]SourceControl: Source control is disabled
[2020.03.14-15.53.56:657][  0]SourceControl: Source control is disabled
[2020.03.14-15.53.56:657][  0]SourceControl: Source control is disabled
[2020.03.14-15.53.56:661][  0]LogVSAccessor: Display: Unable to create Visual Studio setup instance: 80040154
[2020.03.14-15.53.56:662][  0]LogVSAccessor: Display: Unable to create Visual Studio setup instance: 80040154
[2020.03.14-15.53.56:700][  0]LogAndroidPermission: UAndroidPermissionCallbackProxy::GetInstance
[2020.03.14-15.53.56:705][  0]LogAudioCaptureCore: Display: No Audio Capture implementations found. Audio input will be silent.
[2020.03.14-15.53.56:705][  0]LogAudioCaptureCore: Display: No Audio Capture implementations found. Audio input will be silent.
[2020.03.14-15.53.56:758][  0]LogOcInput: OculusInput pre-init called
[2020.03.14-15.53.56:763][  0]LogWindows: Failed to load 'OVRPlugin.dll' (GetLastError=126)
[2020.03.14-15.53.56:763][  0]LogWindows: File 'OVRPlugin.dll' does not exist
[2020.03.14-15.53.56:807][  0]LogEngine: Initializing Engine...
[2020.03.14-15.53.56:828][  0]LogHMD: Failed to initialize OpenVR with code 126
[2020.03.14-15.53.56:829][  0]LogStats: UGameplayTagsManager::InitializeManager -  0.000 s
[2020.03.14-15.53.57:055][  0]LogInit: Initializing FReadOnlyCVARCache
[2020.03.14-15.53.57:059][  0]LogAIModule: Creating AISystem for world Untitled
[2020.03.14-15.53.57:072][  0]LogAudioMixer: Display: Audio Mixer Platform Settings:
[2020.03.14-15.53.57:072][  0]LogAudioMixer: Display: 	Sample Rate:						  48000
[2020.03.14-15.53.57:072][  0]LogAudioMixer: Display: 	Callback Buffer Frame Size Requested: 1024
[2020.03.14-15.53.57:072][  0]LogAudioMixer: Display: 	Callback Buffer Frame Size To Use:	  1024
[2020.03.14-15.53.57:072][  0]LogAudioMixer: Display: 	Number of buffers to queue:			  2
[2020.03.14-15.53.57:072][  0]LogAudioMixer: Display: 	Max Channels (voices):				  32
[2020.03.14-15.53.57:072][  0]LogAudioMixer: Display: 	Number of Async Source Workers:		  0
[2020.03.14-15.53.57:072][  0]LogAudio: Display: AudioDevice MaxSources: 32
[2020.03.14-15.53.57:072][  0]LogAudio: Display: Using built-in audio occlusion.
[2020.03.14-15.53.57:072][  0]LogAudioMixer: Display: Initializing audio mixer.
[2020.03.14-15.53.57:084][  0]LogAudioMixer: Display: Audio Device Output Speaker Info:
[2020.03.14-15.53.57:084][  0]LogAudioMixer: Display: Name: PHILIPS FTV (NVIDIA High Definition Audio)
[2020.03.14-15.53.57:084][  0]LogAudioMixer: Display: Is Default: Yes
[2020.03.14-15.53.57:084][  0]LogAudioMixer: Display: Sample Rate: 48000
[2020.03.14-15.53.57:084][  0]LogAudioMixer: Display: Channel Count Used: 2
[2020.03.14-15.53.57:084][  0]LogAudioMixer: Display: Device Channel Count: 2
[2020.03.14-15.53.57:084][  0]LogAudioMixer: Display: Channel Order:
[2020.03.14-15.53.57:084][  0]LogAudioMixer: Display: 0: FrontLeft
[2020.03.14-15.53.57:084][  0]LogAudioMixer: Display: 1: FrontRight
[2020.03.14-15.53.57:095][  0]LogAudioMixer: Display: Using Audio Device PHILIPS FTV (NVIDIA High Definition Audio)
[2020.03.14-15.53.57:097][  0]LogInit: FAudioDevice initialized.
[2020.03.14-15.53.57:098][  0]LogNetVersion: Set ProjectVersion to 1.0.0.0. Version Checksum will be recalculated on next use.
[2020.03.14-15.53.57:132][  0]LogDerivedDataCache: Saved boot cache 0.03s 78MB C:/Users/nilsr/AppData/Local/UnrealEngine/4.24/DerivedDataCache/Boot.ddc.
[2020.03.14-15.53.57:137][  0]LogInit: Texture streaming: Enabled
[2020.03.14-15.53.57:142][  0]LogEngineSessionManager: EngineSessionManager initialized
[2020.03.14-15.53.57:142][  0]LogEditorSessionSummary: Verbose: Initializing EditorSessionSummaryWriter for editor session tracking
[2020.03.14-15.53.57:143][  0]LogEditorSessionSummary: EditorSessionSummaryWriter initialized
[2020.03.14-15.53.57:170][  0]LogInit: Transaction tracking system initialized
[2020.03.14-15.53.57:176][  0]BlueprintLog: New page: Editor Load
[2020.03.14-15.53.57:192][  0]LocalizationService: Localization service is disabled
[2020.03.14-15.53.57:220][  0]LogVSAccessor: Display: Unable to create Visual Studio setup instance: 80040154
[2020.03.14-15.53.57:220][  0]LogVSAccessor: Display: Unable to create Visual Studio setup instance: 80040154
[2020.03.14-15.53.57:357][  0]LogFileCache: Scanning file cache for directory 'E:/Main/Workspace/Private/GitHub/JohannesCarter/Umbraterra/Content/' took 0.00s
[2020.03.14-15.53.57:357][  0]LogCook: Display: Max memory allowance for cook 16384mb min free memory 0mb
[2020.03.14-15.53.57:357][  0]LogCook: Display: Mobile HDR setting 1
[2020.03.14-15.53.57:761][  0]SourceControl: Source control is disabled
[2020.03.14-15.53.57:761][  0]Cmd: MAP LOAD FILE="../../../Engine/Content/Maps/Templates/Template_Default.umap" TEMPLATE=1 SHOWPROGRESS=1 FEATURELEVEL=3
[2020.03.14-15.53.57:761][  0]LightingResults: New page: Lighting Build
[2020.03.14-15.53.57:762][  0]LogWorld: UWorld::CleanupWorld for Untitled, bSessionEnded=true, bCleanupResources=true
[2020.03.14-15.53.57:762][  0]LogSlate: InvalidateAllWidgets triggered.  All widgets were invalidated
[2020.03.14-15.53.57:762][  0]MapCheck: New page: Map Check
[2020.03.14-15.53.57:762][  0]LightingResults: New page: Lighting Build
[2020.03.14-15.53.57:790][  0]LogUObjectHash: Compacting FUObjectHashTables data took   1.19ms
[2020.03.14-15.53.57:841][  0]LogAIModule: Creating AISystem for world Untitled_1
[2020.03.14-15.53.57:843][  0]LogEditorServer: Finished looking for orphan Actors (0.000 secs)
[2020.03.14-15.53.57:869][  0]LogUObjectHash: Compacting FUObjectHashTables data took   1.42ms
[2020.03.14-15.53.57:869][  0]Cmd: MAP CHECKDEP NOCLEARLOG
[2020.03.14-15.53.57:869][  0]MapCheck: Map check complete: 0 Error(s), 0 Warning(s), took 0,072ms to complete.
[2020.03.14-15.53.57:869][  0]LogFileHelpers: Loading map 'Template_Default' took 0.108
[2020.03.14-15.53.58:016][  0]LogSlate: Updating window title bar state: overlay mode, drag disabled, window buttons hidden, title bar hidden
[2020.03.14-15.53.58:022][  0]LogSlate: Updating window title bar state: overlay mode, drag disabled, window buttons hidden, title bar hidden
[2020.03.14-15.53.58:026][  0]LogSlate: Updating window title bar state: overlay mode, drag disabled, window buttons hidden, title bar hidden
[2020.03.14-15.53.58:030][  0]LogSlate: Updating window title bar state: overlay mode, drag disabled, window buttons hidden, title bar hidden
[2020.03.14-15.53.58:040][  0]LogCollectionManager: Loaded 0 collections in 0.000504 seconds
[2020.03.14-15.53.58:061][  0]LogFileCache: Scanning file cache for directory 'E:/Main/Workspace/Private/GitHub/JohannesCarter/Umbraterra/Saved/Collections/' took 0.00s
[2020.03.14-15.53.58:061][  0]LogFileCache: Scanning file cache for directory 'E:/Main/Workspace/Private/GitHub/JohannesCarter/Umbraterra/Content/Developers/nilsr/Collections/' took 0.00s
[2020.03.14-15.53.58:061][  0]LogFileCache: Scanning file cache for directory 'E:/Main/Workspace/Private/GitHub/JohannesCarter/Umbraterra/Content/Collections/' took 0.00s
[2020.03.14-15.53.58:061][  0]LogContentBrowser: Native class hierarchy populated in 0.0062 seconds. Added 3015 classes and 717 folders.
[2020.03.14-15.53.58:066][  0]LogContentBrowser: Native class hierarchy updated for 'WidgetCarousel' in 0.0002 seconds. Added 0 classes and 0 folders.
[2020.03.14-15.53.58:298][  0]LogContentBrowser: Native class hierarchy updated for 'AddContentDialog' in 0.0002 seconds. Added 0 classes and 0 folders.
[2020.03.14-15.53.58:312][  0]LogContentBrowser: Native class hierarchy updated for 'SceneOutliner' in 0.0002 seconds. Added 2 classes and 3 folders.
[2020.03.14-15.53.58:443][  0]LogSlate: Took 0.000115 seconds to synchronously load lazily loaded font '../../../Engine/Content/Slate/Fonts/Roboto-Regular.ttf' (155K)
[2020.03.14-15.53.58:444][  0]LogSlate: Took 0.000078 seconds to synchronously load lazily loaded font '../../../Engine/Content/Slate/Fonts/Roboto-Bold.ttf' (160K)
[2020.03.14-15.53.58:451][  0]LogSlate: Took 0.003999 seconds to synchronously load lazily loaded font '../../../Engine/Content/Editor/Slate/Fonts/FontAwesome.ttf' (139K)
[2020.03.14-15.53.58:561][  0]LogRenderer: Reallocating scene render targets to support 1616x740 Format 10 NumSamples 1 (Frame:1).
[2020.03.14-15.53.58:644][  0]LogContentBrowser: Native class hierarchy updated for 'HierarchicalLODOutliner' in 0.0002 seconds. Added 0 classes and 0 folders.
[2020.03.14-15.53.58:644][  0]LogLoad: (Engine Initialization) Total time: 5.10 seconds
[2020.03.14-15.53.58:644][  0]LogLoad: (Engine Initialization) Total Blueprint compile time: 0.00 seconds
[2020.03.14-15.53.58:673][  0]LogAssetRegistry: Asset discovery search completed in 3.2716 seconds
[2020.03.14-15.53.58:675][  0]LogCollectionManager: Fixed up redirectors for 0 collections in 0.000005 seconds (updated 0 objects)
[2020.03.14-15.53.58:676][  0]LogContentStreaming: Texture pool size now 1000 MB
[2020.03.14-15.54.04:994][381]LogEditorViewport: Clicking on Actor (LMB): SkyLight (SkyLight)
[2020.03.14-15.54.13:893][913]LogTemp: Repeating last play command: Selected Viewport
[2020.03.14-15.54.13:901][913]LogPlayLevel: PlayLevel: No blueprints needed recompiling
[2020.03.14-15.54.13:903][913]PIE: New page: PIE session: Untitled_1 (14.03.2020, 17:54:13)
[2020.03.14-15.54.13:904][913]LogOnline: OSS: Creating online subsystem instance for: NULL
[2020.03.14-15.54.13:905][913]LogOnline: OSS: TryLoadSubsystemAndSetDefault: Loaded subsystem for module [NULL]
[2020.03.14-15.54.13:905][913]LogPlayLevel: Creating play world package: /Temp/UEDPIE_0_Untitled_1
[2020.03.14-15.54.13:907][913]LogPlayLevel: PIE: StaticDuplicateObject took: (0.001638s)
[2020.03.14-15.54.13:907][913]LogAIModule: Creating AISystem for world Untitled_1
[2020.03.14-15.54.13:907][913]LogPlayLevel: PIE: World Init took: (0.000724s)
[2020.03.14-15.54.13:908][913]LogPlayLevel: PIE: Created PIE world by copying editor world from /Temp/Untitled_1.Untitled_1 to /Temp/UEDPIE_0_Untitled_1.Untitled_1 (0.002486s)
[2020.03.14-15.54.13:935][913]LogUObjectHash: Compacting FUObjectHashTables data took   1.00ms
[2020.03.14-15.54.13:936][913]LogAudioMixer: Display: Audio Mixer Platform Settings:
[2020.03.14-15.54.13:936][913]LogAudioMixer: Display: 	Sample Rate:						  48000
[2020.03.14-15.54.13:936][913]LogAudioMixer: Display: 	Callback Buffer Frame Size Requested: 1024
[2020.03.14-15.54.13:936][913]LogAudioMixer: Display: 	Callback Buffer Frame Size To Use:	  1024
[2020.03.14-15.54.13:936][913]LogAudioMixer: Display: 	Number of buffers to queue:			  2
[2020.03.14-15.54.13:936][913]LogAudioMixer: Display: 	Max Channels (voices):				  32
[2020.03.14-15.54.13:936][913]LogAudioMixer: Display: 	Number of Async Source Workers:		  0
[2020.03.14-15.54.13:936][913]LogAudio: Display: AudioDevice MaxSources: 32
[2020.03.14-15.54.13:936][913]LogAudio: Display: Using built-in audio occlusion.
[2020.03.14-15.54.13:936][913]LogAudioMixer: Display: Initializing audio mixer.
[2020.03.14-15.54.13:946][913]LogAudioMixer: Display: Audio Device Output Speaker Info:
[2020.03.14-15.54.13:946][913]LogAudioMixer: Display: Name: PHILIPS FTV (NVIDIA High Definition Audio)
[2020.03.14-15.54.13:946][913]LogAudioMixer: Display: Is Default: Yes
[2020.03.14-15.54.13:946][913]LogAudioMixer: Display: Sample Rate: 48000
[2020.03.14-15.54.13:946][913]LogAudioMixer: Display: Channel Count Used: 2
[2020.03.14-15.54.13:946][913]LogAudioMixer: Display: Device Channel Count: 2
[2020.03.14-15.54.13:946][913]LogAudioMixer: Display: Channel Order:
[2020.03.14-15.54.13:946][913]LogAudioMixer: Display: 0: FrontLeft
[2020.03.14-15.54.13:946][913]LogAudioMixer: Display: 1: FrontRight
[2020.03.14-15.54.13:953][913]LogAudioMixer: Display: Using Audio Device PHILIPS FTV (NVIDIA High Definition Audio)
[2020.03.14-15.54.13:954][913]LogInit: FAudioDevice initialized.
[2020.03.14-15.54.13:962][913]LogLoad: Game class is 'GameModeBase'
[2020.03.14-15.54.13:963][913]LogWorld: Bringing World /Temp/UEDPIE_0_Untitled_1.Untitled_1 up for play (max tick rate 0) at 2020.03.14-16.54.13
[2020.03.14-15.54.13:963][913]LogWorld: Bringing up level for play took: 0.000375
[2020.03.14-15.54.13:963][913]LogOnline: OSS: Creating online subsystem instance for: :Context_1
[2020.03.14-15.54.13:967][913]LogContentBrowser: Native class hierarchy updated for 'MovieSceneCapture' in 0.0003 seconds. Added 20 classes and 0 folders.
[2020.03.14-15.54.13:969][913]PIE: Play in editor start time for /Temp/UEDPIE_0_Untitled_1 -0,127
[2020.03.14-15.54.20:847][326]LogAudioMixer: Display: No commands were queued while flushing the source manager.
[2020.03.14-15.54.20:851][326]LogAudioMixer: Display: Flush succeeded in the source manager command queue (1).
[2020.03.14-15.54.20:871][326]LogAudioMixer: Display: Flush succeeded the source manager command queue (2).
[2020.03.14-15.54.20:871][326]LogSlate: Updating window title bar state: overlay mode, drag disabled, window buttons hidden, title bar hidden
[2020.03.14-15.54.20:871][326]LogWorld: BeginTearingDown for /Temp/UEDPIE_0_Untitled_1
[2020.03.14-15.54.20:871][326]LogAudioMixer: Display: No commands were queued while flushing the source manager.
[2020.03.14-15.54.20:871][326]LogWorld: UWorld::CleanupWorld for Untitled_1, bSessionEnded=true, bCleanupResources=true
[2020.03.14-15.54.20:871][326]LogSlate: InvalidateAllWidgets triggered.  All widgets were invalidated
[2020.03.14-15.54.20:881][326]LogPlayLevel: Display: Shutting down PIE online subsystems
[2020.03.14-15.54.20:883][326]LogSlate: InvalidateAllWidgets triggered.  All widgets were invalidated
[2020.03.14-15.54.20:908][326]LogAudioMixer: Display: No commands were queued while flushing the source manager.
[2020.03.14-15.54.20:910][326]LogSlate: Updating window title bar state: overlay mode, drag disabled, window buttons hidden, title bar hidden
[2020.03.14-15.54.20:912][326]LogUObjectHash: Compacting FUObjectHashTables data took   1.11ms
[2020.03.14-15.54.20:951][328]LogPlayLevel: Display: Destroying online subsystem :Context_1
[2020.03.14-16.01.26:010][421]LogSlate: Took 0.003816 seconds to synchronously load lazily loaded font '../../../Engine/Content/Slate/Fonts/Roboto-Light.ttf' (167K)
[2020.03.14-16.01.26:028][421]LogAssetEditorSubsystem: Opening Asset editor for WidgetBlueprint /Game/UI/HUD.HUD
[2020.03.14-16.01.26:231][421]LogContentBrowser: Native class hierarchy updated for 'BlueprintGraph' in 0.0004 seconds. Added 121 classes and 0 folders.
[2020.03.14-16.01.27:089][421]LogSlate: Took 0.000106 seconds to synchronously load lazily loaded font '../../../Engine/Content/Slate/Fonts/Roboto-BoldCondensed.ttf' (158K)
[2020.03.14-16.04.06:013][657]LogUObjectHash: Compacting FUObjectHashTables data took   3.39ms
[2020.03.14-16.04.06:013][657]LogFileHelpers: Editor autosave (incl. sublevels) for '/Temp/Untitled_1' took 0.053
[2020.03.14-16.04.06:014][657]OBJ SavePackage: Generating thumbnails for [0] asset(s) in package [/Game/UI/HUD] ([1] browsable assets)...
[2020.03.14-16.04.06:014][657]OBJ SavePackage: Finished generating thumbnails for package [/Game/UI/HUD]
[2020.03.14-16.04.06:014][657]Cmd: OBJ SAVEPACKAGE PACKAGE="/Game/UI/HUD" FILE="E:/Main/Workspace/Private/GitHub/JohannesCarter/Umbraterra/Saved/Autosaves/Game/UI/HUD_Auto1.uasset" SILENT=false AUTOSAVING=true
[2020.03.14-16.04.06:662][657]LogSavePackage: Moving 'E:/Main/Workspace/Private/GitHub/JohannesCarter/Umbraterra/Saved/HUD_Auto12B5DA59747F35A1E8E9F1AACB53EA8D0.tmp' to 'E:/Main/Workspace/Private/GitHub/JohannesCarter/Umbraterra/Saved/Autosaves/Game/UI/HUD_Auto1.uasset'
[2020.03.14-16.04.06:663][657]LogFileHelpers: Auto-saving content packages took 0.649
[2020.03.14-18.55.03:307][116]LogSlate: Window 'HUD' being destroyed
[2020.03.14-18.55.03:327][116]LogSlate: Window 'HUD' being destroyed
[2020.03.14-18.55.03:330][116]LogWorld: UWorld::CleanupWorld for World_1, bSessionEnded=true, bCleanupResources=true
[2020.03.14-18.55.03:330][116]LogSlate: InvalidateAllWidgets triggered.  All widgets were invalidated
[2020.03.14-18.55.03:346][116]LogWorld: UWorld::CleanupWorld for World_0, bSessionEnded=true, bCleanupResources=true
[2020.03.14-18.55.03:346][116]LogSlate: InvalidateAllWidgets triggered.  All widgets were invalidated
[2020.03.14-18.55.04:500][184]LogUObjectHash: Compacting FUObjectHashTables data took   2.73ms
[2020.03.14-18.55.06:231][184]LogSlate: Window 'Save Content' being destroyed
[2020.03.14-18.55.06:248][184]Cmd: OBJ SAVEPACKAGE PACKAGE="/Game/UI/HUD" FILE="E:/Main/Workspace/Private/GitHub/JohannesCarter/Umbraterra/Content/UI/HUD.uasset" SILENT=true
[2020.03.14-18.55.06:256][184]LogSavePackage: Moving 'E:/Main/Workspace/Private/GitHub/JohannesCarter/Umbraterra/Saved/HUDED81A96C486AEA2386CE229268EBBDBD.tmp' to 'E:/Main/Workspace/Private/GitHub/JohannesCarter/Umbraterra/Content/UI/HUD.uasset'
[2020.03.14-18.55.06:347][184]LogSlate: Window 'Umbraterra - Unreal Editor' being destroyed
[2020.03.14-18.55.06:347][184]LogWindowsTextInputMethodSystem: Display: IME system now deactivated.
[2020.03.14-18.55.06:471][184]AssetCheck: New page: Asset Save: HUD
[2020.03.14-18.55.06:472][184]LogContentValidation: Display: Validating WidgetBlueprint /Game/UI/HUD.HUD
[2020.03.14-18.55.06:478][185]Cmd: QUIT_EDITOR
[2020.03.14-18.55.06:478][185]LogCore: Engine exit requested (reason: UUnrealEdEngine::CloseEditor())
[2020.03.14-18.55.06:483][185]LogCore: Engine exit requested (reason: EngineExit() was called; note: exit was already requested)
[2020.03.14-18.55.06:483][185]LogAudioMixer: Display: No commands were queued while flushing the source manager.
[2020.03.14-18.55.06:592][185]LogExit: Preparing to exit.
[2020.03.14-18.55.07:645][185]LogExit: Editor shut down
[2020.03.14-18.55.07:645][185]LogExit: Transaction tracking system shut down
[2020.03.14-18.55.07:649][185]LogDemo: Cleaned up 0 splitscreen connections with owner deletion
[2020.03.14-18.55.07:828][185]LogExit: Object subsystem successfully closed.
[2020.03.14-18.55.07:850][185]LogShaderCompilers: Display: Shaders left to compile 0
[2020.03.14-18.55.07:857][185]LogModuleManager: Shutting down and abandoning module SequencerWidgets (706)
[2020.03.14-18.55.07:857][185]LogModuleManager: Shutting down and abandoning module BlueprintGraph (704)
[2020.03.14-18.55.07:857][185]LogModuleManager: Shutting down and abandoning module MovieSceneCapture (702)
[2020.03.14-18.55.07:857][185]LogModuleManager: Shutting down and abandoning module Voice (700)
[2020.03.14-18.55.07:857][185]LogModuleManager: Shutting down and abandoning module HierarchicalLODOutliner (698)
[2020.03.14-18.55.07:857][185]LogModuleManager: Shutting down and abandoning module SceneOutliner (696)
[2020.03.14-18.55.07:857][185]LogModuleManager: Shutting down and abandoning module AddContentDialog (694)
[2020.03.14-18.55.07:857][185]LogModuleManager: Shutting down and abandoning module WidgetCarousel (693)
[2020.03.14-18.55.07:857][185]LogModuleManager: Shutting down and abandoning module EditorWidgets (690)
[2020.03.14-18.55.07:857][185]LogModuleManager: Shutting down and abandoning module CollectionManager (688)
[2020.03.14-18.55.07:857][185]LogModuleManager: Shutting down and abandoning module HierarchicalLODUtilities (686)
[2020.03.14-18.55.07:857][185]LogModuleManager: Shutting down and abandoning module StatsViewer (684)
[2020.03.14-18.55.07:857][185]LogModuleManager: Shutting down and abandoning module VirtualTexturingEditor (682)
[2020.03.14-18.55.07:857][185]LogModuleManager: Shutting down and abandoning module FoliageEdit (680)
[2020.03.14-18.55.07:857][185]LogModuleManager: Shutting down and abandoning module LandscapeEditor (678)
[2020.03.14-18.55.07:857][185]LogModuleManager: Shutting down and abandoning module MeshPaintMode (676)
[2020.03.14-18.55.07:857][185]LogModuleManager: Shutting down and abandoning module SceneDepthPickerMode (674)
[2020.03.14-18.55.07:857][185]LogModuleManager: Shutting down and abandoning module ActorPickerMode (672)
[2020.03.14-18.55.07:857][185]LogModuleManager: Shutting down and abandoning module GeometryMode (670)
[2020.03.14-18.55.07:857][185]LogModuleManager: Shutting down and abandoning module TextureAlignMode (668)
[2020.03.14-18.55.07:857][185]LogModuleManager: Shutting down and abandoning module BspMode (666)
[2020.03.14-18.55.07:857][185]LogModuleManager: Shutting down and abandoning module PIEPreviewDeviceProfileSelector (664)
[2020.03.14-18.55.07:857][185]LogModuleManager: Shutting down and abandoning module SequenceRecorderSections (662)
[2020.03.14-18.55.07:857][185]LogModuleManager: Shutting down and abandoning module AutomationWorker (660)
[2020.03.14-18.55.07:857][185]LogModuleManager: Shutting down and abandoning module SteamVREditor (658)
[2020.03.14-18.55.07:858][185]LogModuleManager: Shutting down and abandoning module OculusMR (656)
[2020.03.14-18.55.07:858][185]LogModuleManager: Shutting down and abandoning module AudioCaptureEditor (654)
[2020.03.14-18.55.07:858][185]LogModuleManager: Shutting down and abandoning module MatineeToLevelSequence (652)
[2020.03.14-18.55.07:858][185]LogModuleManager: Shutting down and abandoning module LevelSequenceEditor (650)
[2020.03.14-18.55.07:858][185]LogModuleManager: Shutting down and abandoning module PlacementMode (649)
[2020.03.14-18.55.07:858][185]LogModuleManager: Shutting down and abandoning module MaterialEditor (648)
[2020.03.14-18.55.07:858][185]LogModuleManager: Shutting down and abandoning module ActorSequenceEditor (644)
[2020.03.14-18.55.07:858][185]LogModuleManager: Shutting down and abandoning module WmfMediaFactory (642)
[2020.03.14-18.55.07:858][185]LogModuleManager: Shutting down and abandoning module WmfMediaEditor (640)
[2020.03.14-18.55.07:858][185]LogModuleManager: Shutting down and abandoning module WebMMediaFactory (638)
[2020.03.14-18.55.07:858][185]LogModuleManager: Shutting down and abandoning module WebMMediaEditor (636)
[2020.03.14-18.55.07:858][185]LogModuleManager: Shutting down and abandoning module WebMMedia (634)
[2020.03.14-18.55.07:858][185]LogModuleManager: Shutting down and abandoning module MediaPlayerEditor (632)
[2020.03.14-18.55.07:858][185]LogModuleManager: Shutting down and abandoning module MediaCompositingEditor (630)
[2020.03.14-18.55.07:858][185]LogModuleManager: Shutting down and abandoning module SequenceRecorder (629)
[2020.03.14-18.55.07:858][185]LogModuleManager: Shutting down and abandoning module OpenExrWrapper (626)
[2020.03.14-18.55.07:858][185]LogModuleManager: Shutting down and abandoning module ImgMediaFactory (624)
[2020.03.14-18.55.07:858][185]LogModuleManager: Shutting down and abandoning module ImgMediaEditor (622)
[2020.03.14-18.55.07:858][185]LogModuleManager: Shutting down and abandoning module AvfMediaFactory (620)
[2020.03.14-18.55.07:858][185]LogModuleManager: Shutting down and abandoning module AvfMediaEditor (618)
[2020.03.14-18.55.07:858][185]LogModuleManager: Shutting down and abandoning module AndroidMediaFactory (616)
[2020.03.14-18.55.07:858][185]LogModuleManager: Shutting down and abandoning module AndroidMediaEditor (614)
[2020.03.14-18.55.07:858][185]LogModuleManager: Shutting down and abandoning module MagicLeapMediaCodecFactory (612)
[2020.03.14-18.55.07:858][185]LogModuleManager: Shutting down and abandoning module MagicLeapMediaFactory (610)
[2020.03.14-18.55.07:858][185]LogModuleManager: Shutting down and abandoning module MagicLeapMediaEditor (608)
[2020.03.14-18.55.07:858][185]LogModuleManager: Shutting down and abandoning module CharacterAI (606)
[2020.03.14-18.55.07:858][185]LogModuleManager: Shutting down and abandoning module SmartSnapping (604)
[2020.03.14-18.55.07:858][185]LogModuleManager: Shutting down and abandoning module SessionServices (602)
[2020.03.14-18.55.07:858][185]LogModuleManager: Shutting down and abandoning module MeshPaint (600)
[2020.03.14-18.55.07:858][185]LogModuleManager: Shutting down and abandoning module ViewportSnapping (598)
[2020.03.14-18.55.07:858][185]LogModuleManager: Shutting down and abandoning module ViewportInteraction (596)
[2020.03.14-18.55.07:858][185]LogModuleManager: Shutting down and abandoning module ClothPainter (594)
[2020.03.14-18.55.07:858][185]LogModuleManager: Shutting down and abandoning module SkeletalMeshEditor (593)
[2020.03.14-18.55.07:858][185]LogModuleManager: Shutting down and abandoning module LogVisualizer (590)
[2020.03.14-18.55.07:858][185]LogModuleManager: Shutting down and abandoning module IntroTutorials (588)
[2020.03.14-18.55.07:858][185]LogModuleManager: Shutting down and abandoning module GameProjectGeneration (587)
[2020.03.14-18.55.07:858][185]LogModuleManager: Shutting down and abandoning module LuminPlatformEditor (584)
[2020.03.14-18.55.07:858][185]LogModuleManager: Shutting down and abandoning module IOSPlatformEditor (582)
[2020.03.14-18.55.07:858][185]LogModuleManager: Shutting down and abandoning module AndroidPlatformEditor (580)
[2020.03.14-18.55.07:858][185]LogModuleManager: Shutting down and abandoning module AndroidDeviceDetection (579)
[2020.03.14-18.55.08:801][185]LogModuleManager: Shutting down and abandoning module WindowsPlatformEditor (576)
[2020.03.14-18.55.08:801][185]LogModuleManager: Shutting down and abandoning module LuminRuntimeSettings (574)
[2020.03.14-18.55.08:801][185]LogModuleManager: Shutting down and abandoning module IOSRuntimeSettings (572)
[2020.03.14-18.55.08:801][185]LogModuleManager: Shutting down and abandoning module AndroidRuntimeSettings (570)
[2020.03.14-18.55.08:801][185]LogModuleManager: Shutting down and abandoning module EditorInteractiveToolsFramework (568)
[2020.03.14-18.55.08:801][185]LogModuleManager: Shutting down and abandoning module TimeManagementEditor (566)
[2020.03.14-18.55.08:801][185]LogModuleManager: Shutting down and abandoning module InputBindingEditor (564)
[2020.03.14-18.55.08:801][185]LogModuleManager: Shutting down and abandoning module MergeActors (562)
[2020.03.14-18.55.08:801][185]LogModuleManager: Shutting down and abandoning module LocalizationDashboard (560)
[2020.03.14-18.55.08:801][185]LogModuleManager: Shutting down and abandoning module LocalizationService (559)
[2020.03.14-18.55.08:801][185]LogModuleManager: Shutting down and abandoning module HardwareTargeting (556)
[2020.03.14-18.55.08:801][185]LogModuleManager: Shutting down and abandoning module DeviceProfileEditor (554)
[2020.03.14-18.55.08:801][185]LogModuleManager: Shutting down and abandoning module UndoHistory (552)
[2020.03.14-18.55.08:801][185]LogModuleManager: Shutting down and abandoning module XmlParser (550)
[2020.03.14-18.55.08:801][185]LogModuleManager: Shutting down and abandoning module Blutility (548)
[2020.03.14-18.55.08:801][185]LogModuleManager: Shutting down and abandoning module ProjectSettingsViewer (546)
[2020.03.14-18.55.08:801][185]LogModuleManager: Shutting down and abandoning module ProjectTargetPlatformEditor (545)
[2020.03.14-18.55.08:801][185]LogModuleManager: Shutting down and abandoning module EditorSettingsViewer (542)
[2020.03.14-18.55.08:801][185]LogModuleManager: Shutting down and abandoning module SettingsEditor (540)
[2020.03.14-18.55.08:801][185]LogModuleManager: Shutting down and abandoning module ProjectLauncher (538)
[2020.03.14-18.55.08:801][185]LogModuleManager: Shutting down and abandoning module SessionFrontend (536)
[2020.03.14-18.55.08:801][185]LogModuleManager: Shutting down and abandoning module ProfilerClient (534)
[2020.03.14-18.55.08:801][185]LogModuleManager: Shutting down and abandoning module DeviceManager (532)
[2020.03.14-18.55.08:801][185]LogModuleManager: Shutting down and abandoning module TargetDeviceServices (531)
[2020.03.14-18.55.08:833][185]LogModuleManager: Shutting down and abandoning module AutomationController (528)
[2020.03.14-18.55.08:833][185]LogModuleManager: Shutting down and abandoning module AutomationWindow (526)
[2020.03.14-18.55.08:833][185]LogModuleManager: Shutting down and abandoning module Layers (524)
[2020.03.14-18.55.08:833][185]LogModuleManager: Shutting down and abandoning module ComponentVisualizers (522)
[2020.03.14-18.55.08:833][185]LogModuleManager: Shutting down and abandoning module DetailCustomizations (520)
[2020.03.14-18.55.08:833][185]LogModuleManager: Shutting down and abandoning module PackagesDialog (518)
[2020.03.14-18.55.08:833][185]LogModuleManager: Shutting down and abandoning module AnimationBlueprintEditor (516)
[2020.03.14-18.55.08:833][185]LogModuleManager: Shutting down and abandoning module Persona (514)
[2020.03.14-18.55.08:833][185]LogModuleManager: Shutting down and abandoning module AdvancedPreviewScene (513)
[2020.03.14-18.55.08:833][185]LogModuleManager: Shutting down and abandoning module AnimGraph (511)
[2020.03.14-18.55.08:833][185]LogModuleManager: Shutting down and abandoning module Kismet (508)
[2020.03.14-18.55.08:836][185]LogModuleManager: Shutting down and abandoning module KismetWidgets (507)
[2020.03.14-18.55.08:836][185]LogModuleManager: Shutting down and abandoning module GraphEditor (504)
[2020.03.14-18.55.08:836][185]LogModuleManager: Shutting down and abandoning module StructViewer (502)
[2020.03.14-18.55.08:836][185]LogModuleManager: Shutting down and abandoning module ClassViewer (500)
[2020.03.14-18.55.08:836][185]LogModuleManager: Shutting down and abandoning module Toolbox (498)
[2020.03.14-18.55.08:836][185]LogModuleManager: Shutting down and abandoning module ModuleUI (496)
[2020.03.14-18.55.08:836][185]LogModuleManager: Shutting down and abandoning module OutputLog (494)
[2020.03.14-18.55.08:836][185]LogModuleManager: Shutting down and abandoning module GammaUI (492)
[2020.03.14-18.55.08:836][185]LogModuleManager: Shutting down and abandoning module Documentation (490)
[2020.03.14-18.55.08:836][185]LogModuleManager: Shutting down and abandoning module ToolMenus (488)
[2020.03.14-18.55.08:836][185]LogModuleManager: Shutting down and abandoning module LiveCoding (486)
[2020.03.14-18.55.08:836][185]LogModuleManager: Shutting down and abandoning module LevelSequence (484)
[2020.03.14-18.55.08:836][185]LogModuleManager: Shutting down and abandoning module MovieSceneTracks (482)
[2020.03.14-18.55.08:836][185]LogModuleManager: Shutting down and abandoning module MovieScene (480)
[2020.03.14-18.55.08:836][185]LogModuleManager: Shutting down and abandoning module StreamingPauseRendering (478)
[2020.03.14-18.55.08:836][185]LogModuleManager: Shutting down and abandoning module LauncherPlatform (476)
[2020.03.14-18.55.08:836][185]LogModuleManager: Shutting down and abandoning module AnalyticsET (474)
[2020.03.14-18.55.08:836][185]LogModuleManager: Shutting down and abandoning module PortalServices (472)
[2020.03.14-18.55.08:836][185]LogModuleManager: Shutting down and abandoning module PortalRpc (470)
[2020.03.14-18.55.08:836][185]LogModuleManager: Shutting down and abandoning module MessagingRpc (468)
[2020.03.14-18.55.08:836][185]LogModuleManager: Shutting down and abandoning module AudioMixerXAudio2 (466)
[2020.03.14-18.55.08:836][185]LogModuleManager: Shutting down and abandoning module AIModule (464)
[2020.03.14-18.55.08:837][185]LogModuleManager: Shutting down and abandoning module GameplayDebugger (463)
[2020.03.14-18.55.08:837][185]LogModuleManager: Shutting down and abandoning module AITestSuite (461)
[2020.03.14-18.55.08:837][185]LogModuleManager: Shutting down and abandoning module NavigationSystem (459)
[2020.03.14-18.55.08:837][185]LogModuleManager: Shutting down and abandoning module ImageWriteQueue (456)
[2020.03.14-18.55.08:839][185]LogModuleManager: Shutting down and abandoning module ProfilerService (454)
[2020.03.14-18.55.08:950][185]LogModuleManager: Shutting down and abandoning module TaskGraph (452)
[2020.03.14-18.55.08:950][185]LogModuleManager: Shutting down and abandoning module ScreenshotTools (450)
[2020.03.14-18.55.08:950][185]LogModuleManager: Shutting down and abandoning module ProceduralMeshComponentEditor (448)
[2020.03.14-18.55.08:950][185]LogModuleManager: Shutting down and abandoning module ProceduralMeshComponent (446)
[2020.03.14-18.55.08:950][185]LogModuleManager: Shutting down and abandoning module OculusEditor (444)
[2020.03.14-18.55.08:950][185]LogModuleManager: Shutting down and abandoning module OculusInput (442)
[2020.03.14-18.55.08:950][185]LogModuleManager: Shutting down and abandoning module MobilePatchingUtils (440)
[2020.03.14-18.55.08:950][185]LogModuleManager: Shutting down and abandoning module EditableMesh (438)
[2020.03.14-18.55.08:950][185]LogModuleManager: Shutting down and abandoning module CustomMeshComponent (436)
[2020.03.14-18.55.08:950][185]LogModuleManager: Shutting down and abandoning module CableComponent (434)
[2020.03.14-18.55.08:950][185]LogModuleManager: Shutting down and abandoning module AudioCapture (432)
[2020.03.14-18.55.08:951][185]LogModuleManager: Shutting down and abandoning module AudioCaptureRtAudio (431)
[2020.03.14-18.55.08:951][185]LogModuleManager: Shutting down and abandoning module AssetTags (428)
[2020.03.14-18.55.08:951][185]LogModuleManager: Shutting down and abandoning module ArchVisCharacter (426)
[2020.03.14-18.55.08:951][185]LogModuleManager: Shutting down and abandoning module AppleImageUtilsBlueprintSupport (424)
[2020.03.14-18.55.08:951][185]LogModuleManager: Shutting down and abandoning module AppleImageUtils (422)
[2020.03.14-18.55.08:951][185]LogModuleManager: Shutting down and abandoning module AndroidPermission (420)
[2020.03.14-18.55.08:951][185]LogModuleManager: Shutting down and abandoning module NUTUnrealEngine4 (418)
[2020.03.14-18.55.08:951][185]LogModuleManager: Shutting down and abandoning module NetcodeUnitTest (416)
[2020.03.14-18.55.08:951][185]LogModuleManager: Shutting down and abandoning module MediaCompositing (414)
[2020.03.14-18.55.08:951][185]LogModuleManager: Shutting down and abandoning module ImgMedia (412)
[2020.03.14-18.55.08:951][185]LogModuleManager: Shutting down and abandoning module MagicLeapHelperVulkan (410)
[2020.03.14-18.55.08:951][185]LogModuleManager: Shutting down and abandoning module MagicLeapHelperOpenGL (408)
[2020.03.14-18.55.08:951][185]LogModuleManager: Shutting down and abandoning module MagicLeapAudio (406)
[2020.03.14-18.55.08:951][185]LogModuleManager: Shutting down and abandoning module GeometryCacheTracks (404)
[2020.03.14-18.55.08:951][185]LogModuleManager: Shutting down and abandoning module GeometryCacheSequencer (402)
[2020.03.14-18.55.08:951][185]LogModuleManager: Shutting down and abandoning module BackChannel (400)
[2020.03.14-18.55.08:951][185]LogModuleManager: Shutting down and abandoning module AutomationUtilsEditor (398)
[2020.03.14-18.55.08:951][185]LogModuleManager: Shutting down and abandoning module AutomationUtils (396)
[2020.03.14-18.55.08:951][185]LogModuleManager: Shutting down and abandoning module AlembicImporter (394)
[2020.03.14-18.55.08:951][185]LogModuleManager: Shutting down and abandoning module AlembicLibrary (393)
[2020.03.14-18.55.08:951][185]LogModuleManager: Shutting down and abandoning module GeometryCache (392)
[2020.03.14-18.55.08:951][185]LogModuleManager: Shutting down and abandoning module GeometryCacheEd (391)
[2020.03.14-18.55.08:951][185]LogModuleManager: Shutting down and abandoning module VariantManagerContentEditor (386)
[2020.03.14-18.55.08:951][185]LogModuleManager: Shutting down and abandoning module DatasmithContentEditor (384)
[2020.03.14-18.55.08:951][185]LogModuleManager: Shutting down and abandoning module SpeedTreeImporter (382)
[2020.03.14-18.55.08:951][185]LogModuleManager: Shutting down and abandoning module PluginBrowser (380)
[2020.03.14-18.55.08:951][185]LogModuleManager: Shutting down and abandoning module MobileLauncherProfileWizard (378)
[2020.03.14-18.55.08:951][185]LogModuleManager: Shutting down and abandoning module MaterialAnalyzer (376)
[2020.03.14-18.55.08:951][185]LogModuleManager: Shutting down and abandoning module CurveEditorTools (374)
[2020.03.14-18.55.08:951][185]LogModuleManager: Shutting down and abandoning module CryptoKeysOpenSSL (372)
[2020.03.14-18.55.08:951][185]LogModuleManager: Shutting down and abandoning module CryptoKeys (370)
[2020.03.14-18.55.08:951][185]LogModuleManager: Shutting down and abandoning module VisualStudioSourceCodeAccess (368)
[2020.03.14-18.55.08:951][185]LogModuleManager: Shutting down and abandoning module VisualStudioCodeSourceCodeAccess (366)
[2020.03.14-18.55.08:951][185]LogModuleManager: Shutting down and abandoning module UObjectPlugin (364)
[2020.03.14-18.55.08:951][185]LogModuleManager: Shutting down and abandoning module SubversionSourceControl (362)
[2020.03.14-18.55.08:951][185]LogModuleManager: Shutting down and abandoning module PlasticSourceControl (360)
[2020.03.14-18.55.08:951][185]LogModuleManager: Shutting down and abandoning module PerforceSourceControl (358)
[2020.03.14-18.55.08:951][185]LogModuleManager: Shutting down and abandoning module GitSourceControl (356)
[2020.03.14-18.55.08:951][185]LogModuleManager: Shutting down and abandoning module SourceControl (355)
[2020.03.14-18.55.08:951][185]LogModuleManager: Shutting down and abandoning module CLionSourceCodeAccess (352)
[2020.03.14-18.55.08:951][185]LogModuleManager: Shutting down and abandoning module AnimationSharingEd (350)
[2020.03.14-18.55.08:951][185]LogModuleManager: Shutting down and abandoning module ActorLayerUtilitiesEditor (348)
[2020.03.14-18.55.08:951][185]LogModuleManager: Shutting down and abandoning module ActorLayerUtilities (346)
[2020.03.14-18.55.08:951][185]LogModuleManager: Shutting down and abandoning module LightPropagationVolumeEditor (344)
[2020.03.14-18.55.08:951][185]LogModuleManager: Shutting down and abandoning module PaperTiledImporter (342)
[2020.03.14-18.55.08:951][185]LogModuleManager: Shutting down and abandoning module PaperSpriteSheetImporter (340)
[2020.03.14-18.55.08:951][185]LogModuleManager: Shutting down and abandoning module Paper2DEditor (338)
[2020.03.14-18.55.08:951][185]LogModuleManager: Shutting down and abandoning module SignificanceManager (336)
[2020.03.14-18.55.08:951][185]LogModuleManager: Shutting down and abandoning module RuntimePhysXCooking (334)
[2020.03.14-18.55.08:951][185]LogModuleManager: Shutting down and abandoning module PhysXVehiclesEditor (332)
[2020.03.14-18.55.08:951][185]LogModuleManager: Shutting down and abandoning module LocationServicesBPLibrary (328)
[2020.03.14-18.55.08:951][185]LogModuleManager: Shutting down and abandoning module ActorSequence (326)
[2020.03.14-18.55.08:952][185]LogModuleManager: Shutting down and abandoning module UdpMessaging (324)
